21/04/27 14:43:52 WARN NativeCodeLoader: Unable to load native-hadoop library for your platform... using builtin-java classes where applicable
21/04/27 14:43:53 INFO SecurityManager: Changing view acls to: ALVARO
21/04/27 14:43:53 INFO SecurityManager: Changing modify acls to: ALVARO
21/04/27 14:43:53 INFO SecurityManager: Changing view acls groups to: 
21/04/27 14:43:53 INFO SecurityManager: Changing modify acls groups to: 
21/04/27 14:43:53 INFO SecurityManager: SecurityManager: authentication disabled; ui acls disabled; users  with view permissions: Set(ALVARO); groups with view permissions: Set(); users  with modify permissions: Set(ALVARO); groups with modify permissions: Set()
21/04/27 14:44:07 INFO ShutdownHookManager: Shutdown hook called
21/04/27 14:44:07 INFO ShutdownHookManager: Deleting directory C:\Users\ALVARO\AppData\Local\Temp\spark-1a8fbc95-7fa5-4175-8757-aa9362bed70f
21/04/27 14:46:56 WARN NativeCodeLoader: Unable to load native-hadoop library for your platform... using builtin-java classes where applicable
21/04/27 14:47:21 WARN NativeCodeLoader: Unable to load native-hadoop library for your platform... using builtin-java classes where applicable
21/04/27 14:47:21 INFO SecurityManager: Changing view acls to: ALVARO
21/04/27 14:47:21 INFO SecurityManager: Changing modify acls to: ALVARO
21/04/27 14:47:21 INFO SecurityManager: Changing view acls groups to: 
21/04/27 14:47:21 INFO SecurityManager: Changing modify acls groups to: 
21/04/27 14:47:21 INFO SecurityManager: SecurityManager: authentication disabled; ui acls disabled; users  with view permissions: Set(ALVARO); groups with view permissions: Set(); users  with modify permissions: Set(ALVARO); groups with modify permissions: Set()
21/04/27 14:47:33 INFO HiveConf: Found configuration file file:/C:/Users/ALVARO/AppData/Local/spark/spark-3.0.0-bin-hadoop2.7/conf/hive-site.xml
21/04/27 14:47:35 INFO SparkContext: Running Spark version 3.0.0
21/04/27 14:47:35 WARN SparkConf: Note that spark.local.dir will be overridden by the value set by the cluster manager (via SPARK_LOCAL_DIRS in mesos/standalone/kubernetes and LOCAL_DIRS in YARN).
21/04/27 14:47:35 INFO ResourceUtils: ==============================================================
21/04/27 14:47:35 INFO ResourceUtils: Resources for spark.driver:

21/04/27 14:47:35 INFO ResourceUtils: ==============================================================
21/04/27 14:47:35 INFO SparkContext: Submitted application: sparklyr
21/04/27 14:47:36 INFO SecurityManager: Changing view acls to: ALVARO
21/04/27 14:47:36 INFO SecurityManager: Changing modify acls to: ALVARO
21/04/27 14:47:36 INFO SecurityManager: Changing view acls groups to: 
21/04/27 14:47:36 INFO SecurityManager: Changing modify acls groups to: 
21/04/27 14:47:36 INFO SecurityManager: SecurityManager: authentication disabled; ui acls disabled; users  with view permissions: Set(ALVARO); groups with view permissions: Set(); users  with modify permissions: Set(ALVARO); groups with modify permissions: Set()
21/04/27 14:47:38 INFO Utils: Successfully started service 'sparkDriver' on port 58455.
21/04/27 14:47:38 INFO SparkEnv: Registering MapOutputTracker
21/04/27 14:47:38 INFO SparkEnv: Registering BlockManagerMaster
21/04/27 14:47:38 INFO BlockManagerMasterEndpoint: Using org.apache.spark.storage.DefaultTopologyMapper for getting topology information
21/04/27 14:47:38 INFO BlockManagerMasterEndpoint: BlockManagerMasterEndpoint up
21/04/27 14:47:38 INFO SparkEnv: Registering BlockManagerMasterHeartbeat
21/04/27 14:47:39 INFO DiskBlockManager: Created local directory at C:\Users\ALVARO\AppData\Local\spark\spark-3.0.0-bin-hadoop2.7\tmp\local\blockmgr-edd20d26-1057-4c23-8440-37a299590655
21/04/27 14:47:39 INFO MemoryStore: MemoryStore started with capacity 912.3 MiB
21/04/27 14:47:39 INFO SparkEnv: Registering OutputCommitCoordinator
21/04/27 14:47:39 WARN Utils: The configured local directories are not expected to be URIs; however, got suspicious values [C:/Users/ALVARO/AppData/Local/spark/spark-3.0.0-bin-hadoop2.7/tmp/local]. Please check your configured local directories.
21/04/27 14:47:40 INFO Utils: Successfully started service 'SparkUI' on port 4040.
21/04/27 14:47:41 INFO SparkUI: Bound SparkUI to 127.0.0.1, and started at http://127.0.0.1:4040
21/04/27 14:47:41 INFO SparkContext: Added JAR file:/C:/Users/ALVARO/Documents/R/win-library/4.0/sparklyr/java/sparklyr-3.0-2.12.jar at spark://127.0.0.1:58455/jars/sparklyr-3.0-2.12.jar with timestamp 1619549261502
21/04/27 14:47:42 INFO Executor: Starting executor ID driver on host 127.0.0.1
21/04/27 14:47:42 INFO Utils: Successfully started service 'org.apache.spark.network.netty.NettyBlockTransferService' on port 58478.
21/04/27 14:47:42 INFO NettyBlockTransferService: Server created on 127.0.0.1:58478
21/04/27 14:47:42 INFO BlockManager: Using org.apache.spark.storage.RandomBlockReplicationPolicy for block replication policy
21/04/27 14:47:42 INFO BlockManagerMaster: Registering BlockManager BlockManagerId(driver, 127.0.0.1, 58478, None)
21/04/27 14:47:42 INFO BlockManagerMasterEndpoint: Registering block manager 127.0.0.1:58478 with 912.3 MiB RAM, BlockManagerId(driver, 127.0.0.1, 58478, None)
21/04/27 14:47:42 INFO BlockManagerMaster: Registered BlockManager BlockManagerId(driver, 127.0.0.1, 58478, None)
21/04/27 14:47:42 INFO BlockManager: Initialized BlockManager: BlockManagerId(driver, 127.0.0.1, 58478, None)
21/04/27 14:47:45 INFO SharedState: loading hive config file: file:/C:/Users/ALVARO/AppData/Local/spark/spark-3.0.0-bin-hadoop2.7/conf/hive-site.xml
21/04/27 14:47:45 INFO SharedState: Setting hive.metastore.warehouse.dir ('C:/Users/ALVARO/AppData/Local/spark/spark-3.0.0-bin-hadoop2.7/tmp/hive') to the value of spark.sql.warehouse.dir ('C:/Users/ALVARO/AppData/Local/spark/spark-3.0.0-bin-hadoop2.7/tmp/hive').
21/04/27 14:47:45 INFO SharedState: Warehouse path is 'C:/Users/ALVARO/AppData/Local/spark/spark-3.0.0-bin-hadoop2.7/tmp/hive'.
21/04/27 14:47:46 WARN SharedState: Not allowing to set spark.sql.warehouse.dir or hive.metastore.warehouse.dir in SparkSession's options, it should be set statically for cross-session usages
21/04/27 14:47:54 WARN ProcfsMetricsGetter: Exception when trying to compute pagesize, as a result reporting of ProcessTree metrics is stopped
21/04/27 14:48:11 INFO HiveUtils: Initializing HiveMetastoreConnection version 2.3.7 using Spark classes.
21/04/27 14:48:11 INFO HiveConf: Found configuration file file:/C:/Users/ALVARO/AppData/Local/spark/spark-3.0.0-bin-hadoop2.7/conf/hive-site.xml
21/04/27 14:48:18 INFO SessionState: Created HDFS directory: C:/Users/ALVARO/AppData/Local/spark/spark-3.0.0-bin-hadoop2.7/tmp/hive/ALVARO/950cc8e0-b709-4d0f-88b8-7febe6d89ab7
21/04/27 14:48:18 INFO SessionState: Created local directory: C:/Users/ALVARO/AppData/Local/spark/spark-3.0.0-bin-hadoop2.7/tmp/hive/950cc8e0-b709-4d0f-88b8-7febe6d89ab7
21/04/27 14:48:18 INFO SessionState: Created HDFS directory: C:/Users/ALVARO/AppData/Local/spark/spark-3.0.0-bin-hadoop2.7/tmp/hive/ALVARO/950cc8e0-b709-4d0f-88b8-7febe6d89ab7/_tmp_space.db
21/04/27 14:48:18 INFO HiveClientImpl: Warehouse location for Hive client (version 2.3.7) is C:/Users/ALVARO/AppData/Local/spark/spark-3.0.0-bin-hadoop2.7/tmp/hive
21/04/27 14:48:25 WARN HiveConf: HiveConf of name hive.stats.jdbc.timeout does not exist
21/04/27 14:48:25 WARN HiveConf: HiveConf of name hive.stats.retries.wait does not exist
21/04/27 14:48:25 INFO HiveMetaStore: 0: Opening raw store with implementation class:org.apache.hadoop.hive.metastore.ObjectStore
21/04/27 14:48:25 INFO ObjectStore: ObjectStore, initialize called
21/04/27 14:48:26 INFO Persistence: Propiedad hive.metastore.integral.jdo.pushdown desconocida - vamos a ignorarla
21/04/27 14:48:26 INFO Persistence: Propiedad datanucleus.cache.level2 desconocida - vamos a ignorarla
21/04/27 14:48:38 INFO ObjectStore: Setting MetaStore object pin classes with hive.metastore.cache.pinobjtypes="Table,StorageDescriptor,SerDeInfo,Partition,Database,Type,FieldSchema,Order"
21/04/27 14:48:46 INFO MetaStoreDirectSql: Using direct SQL, underlying DB is DERBY
21/04/27 14:48:46 INFO ObjectStore: Initialized ObjectStore
21/04/27 14:48:47 WARN ObjectStore: Version information not found in metastore. hive.metastore.schema.verification is not enabled so recording the schema version 2.3.0
21/04/27 14:48:47 WARN ObjectStore: setMetaStoreSchemaVersion called but recording version is disabled: version = 2.3.0, comment = Set by MetaStore UNKNOWN@192.168.1.206
21/04/27 14:48:47 WARN ObjectStore: Failed to get database default, returning NoSuchObjectException
21/04/27 14:48:49 INFO HiveMetaStore: Added admin role in metastore
21/04/27 14:48:49 INFO HiveMetaStore: Added public role in metastore
21/04/27 14:48:49 INFO HiveMetaStore: No user is added in admin role, since config is empty
21/04/27 14:48:50 INFO HiveMetaStore: 0: get_all_functions
21/04/27 14:48:50 INFO audit: ugi=ALVARO	ip=unknown-ip-addr	cmd=get_all_functions	
21/04/27 14:48:50 INFO HiveMetaStore: 0: get_database: default
21/04/27 14:48:50 INFO audit: ugi=ALVARO	ip=unknown-ip-addr	cmd=get_database: default	
21/04/27 14:48:51 INFO HiveMetaStore: 0: get_database: global_temp
21/04/27 14:48:51 INFO audit: ugi=ALVARO	ip=unknown-ip-addr	cmd=get_database: global_temp	
21/04/27 14:48:51 WARN ObjectStore: Failed to get database global_temp, returning NoSuchObjectException
21/04/27 14:48:51 INFO HiveMetaStore: 0: get_database: default
21/04/27 14:48:51 INFO audit: ugi=ALVARO	ip=unknown-ip-addr	cmd=get_database: default	
21/04/27 14:48:51 INFO HiveMetaStore: 0: get_database: default
21/04/27 14:48:51 INFO audit: ugi=ALVARO	ip=unknown-ip-addr	cmd=get_database: default	
21/04/27 14:48:51 INFO HiveMetaStore: 0: get_tables: db=default pat=*
21/04/27 14:48:51 INFO audit: ugi=ALVARO	ip=unknown-ip-addr	cmd=get_tables: db=default pat=*	
21/04/27 14:48:58 INFO CodeGenerator: Code generated in 1973.1692 ms
21/04/27 14:48:59 INFO CodeGenerator: Code generated in 73.6387 ms
21/04/27 14:49:00 INFO SparkContext: Starting job: count at utils.scala:135
21/04/27 14:49:00 INFO DAGScheduler: Registering RDD 2 (count at utils.scala:135) as input to shuffle 0
21/04/27 14:49:01 INFO DAGScheduler: Got job 0 (count at utils.scala:135) with 1 output partitions
21/04/27 14:49:01 INFO DAGScheduler: Final stage: ResultStage 1 (count at utils.scala:135)
21/04/27 14:49:01 INFO DAGScheduler: Parents of final stage: List(ShuffleMapStage 0)
21/04/27 14:49:01 INFO DAGScheduler: Missing parents: List()
21/04/27 14:49:01 INFO DAGScheduler: Submitting ResultStage 1 (MapPartitionsRDD[5] at count at utils.scala:135), which has no missing parents
21/04/27 14:49:01 INFO MemoryStore: Block broadcast_0 stored as values in memory (estimated size 10.1 KiB, free 912.3 MiB)
21/04/27 14:49:02 INFO MemoryStore: Block broadcast_0_piece0 stored as bytes in memory (estimated size 5.0 KiB, free 912.3 MiB)
21/04/27 14:49:02 INFO BlockManagerInfo: Added broadcast_0_piece0 in memory on 127.0.0.1:58478 (size: 5.0 KiB, free: 912.3 MiB)
21/04/27 14:49:02 INFO SparkContext: Created broadcast 0 from broadcast at DAGScheduler.scala:1200
21/04/27 14:49:02 INFO DAGScheduler: Submitting 1 missing tasks from ResultStage 1 (MapPartitionsRDD[5] at count at utils.scala:135) (first 15 tasks are for partitions Vector(0))
21/04/27 14:49:02 INFO TaskSchedulerImpl: Adding task set 1.0 with 1 tasks
21/04/27 14:49:02 INFO TaskSetManager: Starting task 0.0 in stage 1.0 (TID 0, 127.0.0.1, executor driver, partition 0, PROCESS_LOCAL, 7325 bytes)
21/04/27 14:49:02 INFO Executor: Running task 0.0 in stage 1.0 (TID 0)
21/04/27 14:49:02 INFO Executor: Fetching spark://127.0.0.1:58455/jars/sparklyr-3.0-2.12.jar with timestamp 1619549261502
21/04/27 14:49:02 INFO TransportClientFactory: Successfully created connection to /127.0.0.1:58455 after 98 ms (0 ms spent in bootstraps)
21/04/27 14:49:02 INFO Utils: Fetching spark://127.0.0.1:58455/jars/sparklyr-3.0-2.12.jar to C:\Users\ALVARO\AppData\Local\spark\spark-3.0.0-bin-hadoop2.7\tmp\local\spark-1207e37d-cfbd-4966-b251-9ba59b4ee3da\userFiles-164e7c68-c50c-42c1-8115-a785755165d6\fetchFileTemp1390910259413041686.tmp
21/04/27 14:49:03 INFO Executor: Adding file:/C:/Users/ALVARO/AppData/Local/spark/spark-3.0.0-bin-hadoop2.7/tmp/local/spark-1207e37d-cfbd-4966-b251-9ba59b4ee3da/userFiles-164e7c68-c50c-42c1-8115-a785755165d6/sparklyr-3.0-2.12.jar to class loader
21/04/27 14:49:07 INFO ShuffleBlockFetcherIterator: Getting 0 (0.0 B) non-empty blocks including 0 (0.0 B) local and 0 (0.0 B) host-local and 0 (0.0 B) remote blocks
21/04/27 14:49:07 INFO ShuffleBlockFetcherIterator: Started 0 remote fetches in 200 ms
21/04/27 14:49:07 INFO Executor: Finished task 0.0 in stage 1.0 (TID 0). 2641 bytes result sent to driver
21/04/27 14:49:07 INFO TaskSetManager: Finished task 0.0 in stage 1.0 (TID 0) in 5206 ms on 127.0.0.1 (executor driver) (1/1)
21/04/27 14:49:07 INFO TaskSchedulerImpl: Removed TaskSet 1.0, whose tasks have all completed, from pool 
21/04/27 14:49:07 INFO DAGScheduler: ResultStage 1 (count at utils.scala:135) finished in 6,421 s
21/04/27 14:49:07 INFO DAGScheduler: Job 0 is finished. Cancelling potential speculative or zombie tasks for this job
21/04/27 14:49:07 INFO TaskSchedulerImpl: Killing all running tasks in stage 1: Stage finished
21/04/27 14:49:07 INFO DAGScheduler: Job 0 finished: count at utils.scala:135, took 6,804406 s
21/04/27 14:50:14 INFO BlockManagerInfo: Removed broadcast_0_piece0 on 127.0.0.1:58478 in memory (size: 5.0 KiB, free: 912.3 MiB)
21/04/27 15:43:23 INFO SparkContext: Invoking stop() from shutdown hook
21/04/27 15:43:23 INFO SparkUI: Stopped Spark web UI at http://127.0.0.1:4040
21/04/27 15:43:23 INFO MapOutputTrackerMasterEndpoint: MapOutputTrackerMasterEndpoint stopped!
21/04/27 15:43:23 INFO MemoryStore: MemoryStore cleared
21/04/27 15:43:23 INFO BlockManager: BlockManager stopped
21/04/27 15:43:23 INFO BlockManagerMaster: BlockManagerMaster stopped
21/04/27 15:43:23 INFO OutputCommitCoordinator$OutputCommitCoordinatorEndpoint: OutputCommitCoordinator stopped!
21/04/27 15:43:23 WARN SparkEnv: Exception while deleting Spark temp dir: C:\Users\ALVARO\AppData\Local\spark\spark-3.0.0-bin-hadoop2.7\tmp\local\spark-1207e37d-cfbd-4966-b251-9ba59b4ee3da\userFiles-164e7c68-c50c-42c1-8115-a785755165d6
java.io.IOException: Failed to delete: C:\Users\ALVARO\AppData\Local\spark\spark-3.0.0-bin-hadoop2.7\tmp\local\spark-1207e37d-cfbd-4966-b251-9ba59b4ee3da\userFiles-164e7c68-c50c-42c1-8115-a785755165d6\sparklyr-3.0-2.12.jar
	at org.apache.spark.network.util.JavaUtils.deleteRecursivelyUsingJavaIO(JavaUtils.java:144)
	at org.apache.spark.network.util.JavaUtils.deleteRecursively(JavaUtils.java:118)
	at org.apache.spark.network.util.JavaUtils.deleteRecursivelyUsingJavaIO(JavaUtils.java:128)
	at org.apache.spark.network.util.JavaUtils.deleteRecursively(JavaUtils.java:118)
	at org.apache.spark.network.util.JavaUtils.deleteRecursively(JavaUtils.java:91)
	at org.apache.spark.util.Utils$.deleteRecursively(Utils.scala:1079)
	at org.apache.spark.SparkEnv.stop(SparkEnv.scala:105)
	at org.apache.spark.SparkContext.$anonfun$stop$23(SparkContext.scala:2006)
	at org.apache.spark.util.Utils$.tryLogNonFatalError(Utils.scala:1357)
	at org.apache.spark.SparkContext.stop(SparkContext.scala:2006)
	at org.apache.spark.SparkContext.$anonfun$new$35(SparkContext.scala:626)
	at org.apache.spark.util.SparkShutdownHook.run(ShutdownHookManager.scala:214)
	at org.apache.spark.util.SparkShutdownHookManager.$anonfun$runAll$2(ShutdownHookManager.scala:188)
	at scala.runtime.java8.JFunction0$mcV$sp.apply(JFunction0$mcV$sp.java:23)
	at org.apache.spark.util.Utils$.logUncaughtExceptions(Utils.scala:1932)
	at org.apache.spark.util.SparkShutdownHookManager.$anonfun$runAll$1(ShutdownHookManager.scala:188)
	at scala.runtime.java8.JFunction0$mcV$sp.apply(JFunction0$mcV$sp.java:23)
	at scala.util.Try$.apply(Try.scala:213)
	at org.apache.spark.util.SparkShutdownHookManager.runAll(ShutdownHookManager.scala:188)
	at org.apache.spark.util.SparkShutdownHookManager$$anon$2.run(ShutdownHookManager.scala:178)
	at org.apache.hadoop.util.ShutdownHookManager$1.run(ShutdownHookManager.java:54)
21/04/27 15:43:23 INFO SparkContext: Successfully stopped SparkContext
21/04/27 15:43:23 INFO ShutdownHookManager: Shutdown hook called
21/04/27 15:43:23 INFO ShutdownHookManager: Deleting directory C:\Users\ALVARO\AppData\Local\spark\spark-3.0.0-bin-hadoop2.7\tmp\local\spark-1207e37d-cfbd-4966-b251-9ba59b4ee3da
21/04/27 15:43:23 ERROR ShutdownHookManager: Exception while deleting Spark temp dir: C:\Users\ALVARO\AppData\Local\spark\spark-3.0.0-bin-hadoop2.7\tmp\local\spark-1207e37d-cfbd-4966-b251-9ba59b4ee3da
java.io.IOException: Failed to delete: C:\Users\ALVARO\AppData\Local\spark\spark-3.0.0-bin-hadoop2.7\tmp\local\spark-1207e37d-cfbd-4966-b251-9ba59b4ee3da\userFiles-164e7c68-c50c-42c1-8115-a785755165d6\sparklyr-3.0-2.12.jar
	at org.apache.spark.network.util.JavaUtils.deleteRecursivelyUsingJavaIO(JavaUtils.java:144)
	at org.apache.spark.network.util.JavaUtils.deleteRecursively(JavaUtils.java:118)
	at org.apache.spark.network.util.JavaUtils.deleteRecursivelyUsingJavaIO(JavaUtils.java:128)
	at org.apache.spark.network.util.JavaUtils.deleteRecursively(JavaUtils.java:118)
	at org.apache.spark.network.util.JavaUtils.deleteRecursivelyUsingJavaIO(JavaUtils.java:128)
	at org.apache.spark.network.util.JavaUtils.deleteRecursively(JavaUtils.java:118)
	at org.apache.spark.network.util.JavaUtils.deleteRecursively(JavaUtils.java:91)
	at org.apache.spark.util.Utils$.deleteRecursively(Utils.scala:1079)
	at org.apache.spark.util.ShutdownHookManager$.$anonfun$new$4(ShutdownHookManager.scala:65)
	at org.apache.spark.util.ShutdownHookManager$.$anonfun$new$4$adapted(ShutdownHookManager.scala:62)
	at scala.collection.IndexedSeqOptimized.foreach(IndexedSeqOptimized.scala:36)
	at scala.collection.IndexedSeqOptimized.foreach$(IndexedSeqOptimized.scala:33)
	at scala.collection.mutable.ArrayOps$ofRef.foreach(ArrayOps.scala:198)
	at org.apache.spark.util.ShutdownHookManager$.$anonfun$new$2(ShutdownHookManager.scala:62)
	at org.apache.spark.util.SparkShutdownHook.run(ShutdownHookManager.scala:214)
	at org.apache.spark.util.SparkShutdownHookManager.$anonfun$runAll$2(ShutdownHookManager.scala:188)
	at scala.runtime.java8.JFunction0$mcV$sp.apply(JFunction0$mcV$sp.java:23)
	at org.apache.spark.util.Utils$.logUncaughtExceptions(Utils.scala:1932)
	at org.apache.spark.util.SparkShutdownHookManager.$anonfun$runAll$1(ShutdownHookManager.scala:188)
	at scala.runtime.java8.JFunction0$mcV$sp.apply(JFunction0$mcV$sp.java:23)
	at scala.util.Try$.apply(Try.scala:213)
	at org.apache.spark.util.SparkShutdownHookManager.runAll(ShutdownHookManager.scala:188)
	at org.apache.spark.util.SparkShutdownHookManager$$anon$2.run(ShutdownHookManager.scala:178)
	at org.apache.hadoop.util.ShutdownHookManager$1.run(ShutdownHookManager.java:54)
21/04/27 15:43:23 INFO ShutdownHookManager: Deleting directory C:\Users\ALVARO\AppData\Local\spark\spark-3.0.0-bin-hadoop2.7\tmp\local\spark-1207e37d-cfbd-4966-b251-9ba59b4ee3da\userFiles-164e7c68-c50c-42c1-8115-a785755165d6
21/04/27 15:43:23 ERROR ShutdownHookManager: Exception while deleting Spark temp dir: C:\Users\ALVARO\AppData\Local\spark\spark-3.0.0-bin-hadoop2.7\tmp\local\spark-1207e37d-cfbd-4966-b251-9ba59b4ee3da\userFiles-164e7c68-c50c-42c1-8115-a785755165d6
java.io.IOException: Failed to delete: C:\Users\ALVARO\AppData\Local\spark\spark-3.0.0-bin-hadoop2.7\tmp\local\spark-1207e37d-cfbd-4966-b251-9ba59b4ee3da\userFiles-164e7c68-c50c-42c1-8115-a785755165d6\sparklyr-3.0-2.12.jar
	at org.apache.spark.network.util.JavaUtils.deleteRecursivelyUsingJavaIO(JavaUtils.java:144)
	at org.apache.spark.network.util.JavaUtils.deleteRecursively(JavaUtils.java:118)
	at org.apache.spark.network.util.JavaUtils.deleteRecursivelyUsingJavaIO(JavaUtils.java:128)
	at org.apache.spark.network.util.JavaUtils.deleteRecursively(JavaUtils.java:118)
	at org.apache.spark.network.util.JavaUtils.deleteRecursively(JavaUtils.java:91)
	at org.apache.spark.util.Utils$.deleteRecursively(Utils.scala:1079)
	at org.apache.spark.util.ShutdownHookManager$.$anonfun$new$4(ShutdownHookManager.scala:65)
	at org.apache.spark.util.ShutdownHookManager$.$anonfun$new$4$adapted(ShutdownHookManager.scala:62)
	at scala.collection.IndexedSeqOptimized.foreach(IndexedSeqOptimized.scala:36)
	at scala.collection.IndexedSeqOptimized.foreach$(IndexedSeqOptimized.scala:33)
	at scala.collection.mutable.ArrayOps$ofRef.foreach(ArrayOps.scala:198)
	at org.apache.spark.util.ShutdownHookManager$.$anonfun$new$2(ShutdownHookManager.scala:62)
	at org.apache.spark.util.SparkShutdownHook.run(ShutdownHookManager.scala:214)
	at org.apache.spark.util.SparkShutdownHookManager.$anonfun$runAll$2(ShutdownHookManager.scala:188)
	at scala.runtime.java8.JFunction0$mcV$sp.apply(JFunction0$mcV$sp.java:23)
	at org.apache.spark.util.Utils$.logUncaughtExceptions(Utils.scala:1932)
	at org.apache.spark.util.SparkShutdownHookManager.$anonfun$runAll$1(ShutdownHookManager.scala:188)
	at scala.runtime.java8.JFunction0$mcV$sp.apply(JFunction0$mcV$sp.java:23)
	at scala.util.Try$.apply(Try.scala:213)
	at org.apache.spark.util.SparkShutdownHookManager.runAll(ShutdownHookManager.scala:188)
	at org.apache.spark.util.SparkShutdownHookManager$$anon$2.run(ShutdownHookManager.scala:178)
	at org.apache.hadoop.util.ShutdownHookManager$1.run(ShutdownHookManager.java:54)
21/04/27 15:43:23 INFO ShutdownHookManager: Deleting directory C:\Users\ALVARO\AppData\Local\Temp\spark-d48eb8ce-cc1e-4f31-bd8c-3b4e0052a3c9
