20/07/23 21:59:54 WARN NativeCodeLoader: Unable to load native-hadoop library for your platform... using builtin-java classes where applicable
20/07/23 21:59:56 INFO SparkContext: Running Spark version 2.4.3
20/07/23 21:59:56 WARN SparkConf: Note that spark.local.dir will be overridden by the value set by the cluster manager (via SPARK_LOCAL_DIRS in mesos/standalone/kubernetes and LOCAL_DIRS in YARN).
20/07/23 21:59:56 INFO SparkContext: Submitted application: sparklyr
20/07/23 21:59:56 INFO SecurityManager: Changing view acls to: ALVARO
20/07/23 21:59:56 INFO SecurityManager: Changing modify acls to: ALVARO
20/07/23 21:59:56 INFO SecurityManager: Changing view acls groups to: 
20/07/23 21:59:56 INFO SecurityManager: Changing modify acls groups to: 
20/07/23 21:59:56 INFO SecurityManager: SecurityManager: authentication disabled; ui acls disabled; users  with view permissions: Set(ALVARO); groups with view permissions: Set(); users  with modify permissions: Set(ALVARO); groups with modify permissions: Set()
20/07/23 21:59:56 INFO Utils: Successfully started service 'sparkDriver' on port 57478.
20/07/23 21:59:56 INFO SparkEnv: Registering MapOutputTracker
20/07/23 21:59:56 INFO SparkEnv: Registering BlockManagerMaster
20/07/23 21:59:56 INFO BlockManagerMasterEndpoint: Using org.apache.spark.storage.DefaultTopologyMapper for getting topology information
20/07/23 21:59:56 INFO BlockManagerMasterEndpoint: BlockManagerMasterEndpoint up
20/07/23 21:59:56 INFO DiskBlockManager: Created local directory at C:\Users\ALVARO\AppData\Local\spark\spark-2.4.3-bin-hadoop2.7\tmp\local\blockmgr-017bb49f-2884-42b2-ac69-828304286a20
20/07/23 21:59:56 INFO MemoryStore: MemoryStore started with capacity 912.3 MB
20/07/23 21:59:56 INFO SparkEnv: Registering OutputCommitCoordinator
20/07/23 21:59:56 WARN Utils: The configured local directories are not expected to be URIs; however, got suspicious values [C:/Users/ALVARO/AppData/Local/spark/spark-2.4.3-bin-hadoop2.7/tmp/local]. Please check your configured local directories.
20/07/23 21:59:57 WARN Utils: Service 'SparkUI' could not bind on port 4040. Attempting port 4041.
20/07/23 21:59:57 INFO Utils: Successfully started service 'SparkUI' on port 4041.
20/07/23 21:59:57 INFO SparkUI: Bound SparkUI to 127.0.0.1, and started at http://127.0.0.1:4041
20/07/23 21:59:57 INFO SparkContext: Added JAR file:/C:/Users/ALVARO/Documents/R/win-library/4.0/sparklyr/java/sparklyr-2.4-2.11.jar at spark://127.0.0.1:57478/jars/sparklyr-2.4-2.11.jar with timestamp 1595555997197
20/07/23 21:59:57 INFO Executor: Starting executor ID driver on host localhost
20/07/23 21:59:57 INFO Utils: Successfully started service 'org.apache.spark.network.netty.NettyBlockTransferService' on port 57499.
20/07/23 21:59:57 INFO NettyBlockTransferService: Server created on 127.0.0.1:57499
20/07/23 21:59:57 INFO BlockManager: Using org.apache.spark.storage.RandomBlockReplicationPolicy for block replication policy
20/07/23 21:59:57 INFO BlockManagerMaster: Registering BlockManager BlockManagerId(driver, 127.0.0.1, 57499, None)
20/07/23 21:59:57 INFO BlockManagerMasterEndpoint: Registering block manager 127.0.0.1:57499 with 912.3 MB RAM, BlockManagerId(driver, 127.0.0.1, 57499, None)
20/07/23 21:59:57 INFO BlockManagerMaster: Registered BlockManager BlockManagerId(driver, 127.0.0.1, 57499, None)
20/07/23 21:59:57 INFO BlockManager: Initialized BlockManager: BlockManagerId(driver, 127.0.0.1, 57499, None)
20/07/23 21:59:57 INFO SharedState: loading hive config file: file:/C:/Users/ALVARO/AppData/Local/spark/spark-2.4.3-bin-hadoop2.7/conf/hive-site.xml
20/07/23 21:59:57 INFO SharedState: Setting hive.metastore.warehouse.dir ('C:/Users/ALVARO/AppData/Local/spark/spark-2.4.3-bin-hadoop2.7/tmp/hive') to the value of spark.sql.warehouse.dir ('C:/Users/ALVARO/AppData/Local/spark/spark-2.4.3-bin-hadoop2.7/tmp/hive').
20/07/23 21:59:57 INFO SharedState: Warehouse path is 'C:/Users/ALVARO/AppData/Local/spark/spark-2.4.3-bin-hadoop2.7/tmp/hive'.
20/07/23 21:59:58 INFO StateStoreCoordinatorRef: Registered StateStoreCoordinator endpoint
20/07/23 22:00:00 INFO HiveUtils: Initializing HiveMetastoreConnection version 1.2.1 using Spark classes.
20/07/23 22:00:01 INFO HiveMetaStore: 0: Opening raw store with implemenation class:org.apache.hadoop.hive.metastore.ObjectStore
20/07/23 22:00:01 INFO ObjectStore: ObjectStore, initialize called
20/07/23 22:00:01 INFO Persistence: Propiedad hive.metastore.integral.jdo.pushdown desconocida - vamos a ignorarla
20/07/23 22:00:01 INFO Persistence: Propiedad datanucleus.cache.level2 desconocida - vamos a ignorarla
20/07/23 22:00:03 INFO ObjectStore: Setting MetaStore object pin classes with hive.metastore.cache.pinobjtypes="Table,StorageDescriptor,SerDeInfo,Partition,Database,Type,FieldSchema,Order"
20/07/23 22:00:04 INFO Datastore: La clase "org.apache.hadoop.hive.metastore.model.MFieldSchema" es "embedded-only" asi que no tiene su propia tabla.
20/07/23 22:00:04 INFO Datastore: La clase "org.apache.hadoop.hive.metastore.model.MOrder" es "embedded-only" asi que no tiene su propia tabla.
20/07/23 22:00:05 INFO Datastore: La clase "org.apache.hadoop.hive.metastore.model.MFieldSchema" es "embedded-only" asi que no tiene su propia tabla.
20/07/23 22:00:05 INFO Datastore: La clase "org.apache.hadoop.hive.metastore.model.MOrder" es "embedded-only" asi que no tiene su propia tabla.
20/07/23 22:00:05 INFO MetaStoreDirectSql: Using direct SQL, underlying DB is DERBY
20/07/23 22:00:05 INFO ObjectStore: Initialized ObjectStore
20/07/23 22:00:05 WARN ObjectStore: Version information not found in metastore. hive.metastore.schema.verification is not enabled so recording the schema version 1.2.0
20/07/23 22:00:05 WARN ObjectStore: Failed to get database default, returning NoSuchObjectException
20/07/23 22:00:06 INFO HiveMetaStore: Added admin role in metastore
20/07/23 22:00:06 INFO HiveMetaStore: Added public role in metastore
20/07/23 22:00:06 INFO HiveMetaStore: No user is added in admin role, since config is empty
20/07/23 22:00:06 INFO HiveMetaStore: 0: get_all_databases
20/07/23 22:00:06 INFO audit: ugi=ALVARO	ip=unknown-ip-addr	cmd=get_all_databases	
20/07/23 22:00:06 INFO HiveMetaStore: 0: get_functions: db=default pat=*
20/07/23 22:00:06 INFO audit: ugi=ALVARO	ip=unknown-ip-addr	cmd=get_functions: db=default pat=*	
20/07/23 22:00:06 INFO Datastore: La clase "org.apache.hadoop.hive.metastore.model.MResourceUri" es "embedded-only" asi que no tiene su propia tabla.
20/07/23 22:00:06 INFO SessionState: Created local directory: C:/Users/ALVARO/AppData/Local/Temp/26e1fc7b-ab83-4be4-8276-0639299b190e_resources
20/07/23 22:00:06 INFO SessionState: Created HDFS directory: C:/Users/ALVARO/AppData/Local/spark/spark-2.4.3-bin-hadoop2.7/tmp/hive/ALVARO/26e1fc7b-ab83-4be4-8276-0639299b190e
20/07/23 22:00:06 INFO SessionState: Created local directory: C:/Users/ALVARO/AppData/Local/spark/spark-2.4.3-bin-hadoop2.7/tmp/hive/26e1fc7b-ab83-4be4-8276-0639299b190e
20/07/23 22:00:06 INFO SessionState: Created HDFS directory: C:/Users/ALVARO/AppData/Local/spark/spark-2.4.3-bin-hadoop2.7/tmp/hive/ALVARO/26e1fc7b-ab83-4be4-8276-0639299b190e/_tmp_space.db
20/07/23 22:00:06 INFO HiveClientImpl: Warehouse location for Hive client (version 1.2.2) is C:/Users/ALVARO/AppData/Local/spark/spark-2.4.3-bin-hadoop2.7/tmp/hive
20/07/23 22:00:06 INFO HiveMetaStore: 0: get_database: default
20/07/23 22:00:06 INFO audit: ugi=ALVARO	ip=unknown-ip-addr	cmd=get_database: default	
20/07/23 22:00:06 INFO HiveMetaStore: 0: get_database: global_temp
20/07/23 22:00:06 INFO audit: ugi=ALVARO	ip=unknown-ip-addr	cmd=get_database: global_temp	
20/07/23 22:00:06 WARN ObjectStore: Failed to get database global_temp, returning NoSuchObjectException
20/07/23 22:00:06 INFO HiveMetaStore: 0: get_database: default
20/07/23 22:00:06 INFO audit: ugi=ALVARO	ip=unknown-ip-addr	cmd=get_database: default	
20/07/23 22:00:06 INFO HiveMetaStore: 0: get_database: default
20/07/23 22:00:06 INFO audit: ugi=ALVARO	ip=unknown-ip-addr	cmd=get_database: default	
20/07/23 22:00:06 INFO HiveMetaStore: 0: get_tables: db=default pat=*
20/07/23 22:00:06 INFO audit: ugi=ALVARO	ip=unknown-ip-addr	cmd=get_tables: db=default pat=*	
20/07/23 22:00:07 INFO SparkContext: Starting job: collect at utils.scala:43
20/07/23 22:00:07 INFO DAGScheduler: Got job 0 (collect at utils.scala:43) with 1 output partitions
20/07/23 22:00:07 INFO DAGScheduler: Final stage: ResultStage 0 (collect at utils.scala:43)
20/07/23 22:00:07 INFO DAGScheduler: Parents of final stage: List()
20/07/23 22:00:07 INFO DAGScheduler: Missing parents: List()
20/07/23 22:00:07 INFO DAGScheduler: Submitting ResultStage 0 (MapPartitionsRDD[4] at map at utils.scala:40), which has no missing parents
20/07/23 22:00:07 INFO MemoryStore: Block broadcast_0 stored as values in memory (estimated size 6.0 KB, free 912.3 MB)
20/07/23 22:00:07 INFO MemoryStore: Block broadcast_0_piece0 stored as bytes in memory (estimated size 3.4 KB, free 912.3 MB)
20/07/23 22:00:07 INFO BlockManagerInfo: Added broadcast_0_piece0 in memory on 127.0.0.1:57499 (size: 3.4 KB, free: 912.3 MB)
20/07/23 22:00:07 INFO SparkContext: Created broadcast 0 from broadcast at DAGScheduler.scala:1161
20/07/23 22:00:07 INFO DAGScheduler: Submitting 1 missing tasks from ResultStage 0 (MapPartitionsRDD[4] at map at utils.scala:40) (first 15 tasks are for partitions Vector(0))
20/07/23 22:00:07 INFO TaskSchedulerImpl: Adding task set 0.0 with 1 tasks
20/07/23 22:00:08 INFO TaskSetManager: Starting task 0.0 in stage 0.0 (TID 0, localhost, executor driver, partition 0, PROCESS_LOCAL, 7893 bytes)
20/07/23 22:00:08 INFO Executor: Running task 0.0 in stage 0.0 (TID 0)
20/07/23 22:00:08 INFO Executor: Fetching spark://127.0.0.1:57478/jars/sparklyr-2.4-2.11.jar with timestamp 1595555997197
20/07/23 22:00:08 INFO TransportClientFactory: Successfully created connection to /127.0.0.1:57478 after 30 ms (0 ms spent in bootstraps)
20/07/23 22:00:08 INFO Utils: Fetching spark://127.0.0.1:57478/jars/sparklyr-2.4-2.11.jar to C:\Users\ALVARO\AppData\Local\spark\spark-2.4.3-bin-hadoop2.7\tmp\local\spark-8ff8149e-c389-4000-b119-7d2f963a2d01\userFiles-09932acf-35b6-4a9c-8f4d-e246f03b1ff6\fetchFileTemp6671399978120866364.tmp
20/07/23 22:00:08 INFO Executor: Adding file:/C:/Users/ALVARO/AppData/Local/spark/spark-2.4.3-bin-hadoop2.7/tmp/local/spark-8ff8149e-c389-4000-b119-7d2f963a2d01/userFiles-09932acf-35b6-4a9c-8f4d-e246f03b1ff6/sparklyr-2.4-2.11.jar to class loader
20/07/23 22:00:08 INFO CodeGenerator: Code generated in 283.8933 ms
20/07/23 22:00:08 INFO Executor: Finished task 0.0 in stage 0.0 (TID 0). 1013 bytes result sent to driver
20/07/23 22:00:08 INFO TaskSetManager: Finished task 0.0 in stage 0.0 (TID 0) in 980 ms on localhost (executor driver) (1/1)
20/07/23 22:00:08 INFO TaskSchedulerImpl: Removed TaskSet 0.0, whose tasks have all completed, from pool 
20/07/23 22:00:08 INFO DAGScheduler: ResultStage 0 (collect at utils.scala:43) finished in 1,321 s
20/07/23 22:00:08 INFO DAGScheduler: Job 0 finished: collect at utils.scala:43, took 1,389614 s
20/07/23 22:00:09 INFO BlockManagerInfo: Removed broadcast_0_piece0 on 127.0.0.1:57499 in memory (size: 3.4 KB, free: 912.3 MB)
20/07/23 22:00:09 INFO ContextCleaner: Cleaned accumulator 5
20/07/23 22:00:09 INFO ContextCleaner: Cleaned accumulator 6
20/07/23 22:00:09 INFO ContextCleaner: Cleaned accumulator 11
20/07/23 22:00:09 INFO ContextCleaner: Cleaned accumulator 13
20/07/23 22:00:09 INFO ContextCleaner: Cleaned accumulator 18
20/07/23 22:00:09 INFO ContextCleaner: Cleaned accumulator 9
20/07/23 22:00:09 INFO ContextCleaner: Cleaned accumulator 8
20/07/23 22:00:09 INFO ContextCleaner: Cleaned accumulator 0
20/07/23 22:00:09 INFO ContextCleaner: Cleaned accumulator 12
20/07/23 22:00:09 INFO ContextCleaner: Cleaned accumulator 20
20/07/23 22:00:09 INFO ContextCleaner: Cleaned accumulator 10
20/07/23 22:00:09 INFO ContextCleaner: Cleaned accumulator 1
20/07/23 22:00:09 INFO ContextCleaner: Cleaned accumulator 17
20/07/23 22:00:09 INFO ContextCleaner: Cleaned accumulator 23
20/07/23 22:00:09 INFO ContextCleaner: Cleaned accumulator 22
20/07/23 22:00:09 INFO ContextCleaner: Cleaned accumulator 21
20/07/23 22:00:09 INFO ContextCleaner: Cleaned accumulator 16
20/07/23 22:00:09 INFO ContextCleaner: Cleaned accumulator 15
20/07/23 22:00:09 INFO ContextCleaner: Cleaned accumulator 14
20/07/23 22:00:09 INFO ContextCleaner: Cleaned accumulator 25
20/07/23 22:00:09 INFO ContextCleaner: Cleaned accumulator 19
20/07/23 22:00:09 INFO ContextCleaner: Cleaned accumulator 2
20/07/23 22:00:09 INFO ContextCleaner: Cleaned accumulator 24
20/07/23 22:00:09 INFO ContextCleaner: Cleaned accumulator 3
20/07/23 22:00:09 INFO ContextCleaner: Cleaned accumulator 7
20/07/23 22:00:09 INFO ContextCleaner: Cleaned accumulator 4
20/07/23 22:00:09 INFO CodeGenerator: Code generated in 18.4628 ms
20/07/23 22:00:09 INFO CodeGenerator: Code generated in 12.2648 ms
20/07/23 22:00:09 INFO SparkContext: Starting job: sql at <unknown>:0
20/07/23 22:00:09 INFO DAGScheduler: Registering RDD 14 (sql at <unknown>:0)
20/07/23 22:00:09 INFO DAGScheduler: Got job 1 (sql at <unknown>:0) with 1 output partitions
20/07/23 22:00:09 INFO DAGScheduler: Final stage: ResultStage 2 (sql at <unknown>:0)
20/07/23 22:00:09 INFO DAGScheduler: Parents of final stage: List(ShuffleMapStage 1)
20/07/23 22:00:09 INFO DAGScheduler: Missing parents: List(ShuffleMapStage 1)
20/07/23 22:00:09 INFO DAGScheduler: Submitting ShuffleMapStage 1 (MapPartitionsRDD[14] at sql at <unknown>:0), which has no missing parents
20/07/23 22:00:09 INFO MemoryStore: Block broadcast_1 stored as values in memory (estimated size 31.7 KB, free 912.3 MB)
20/07/23 22:00:09 INFO MemoryStore: Block broadcast_1_piece0 stored as bytes in memory (estimated size 13.1 KB, free 912.3 MB)
20/07/23 22:00:09 INFO BlockManagerInfo: Added broadcast_1_piece0 in memory on 127.0.0.1:57499 (size: 13.1 KB, free: 912.3 MB)
20/07/23 22:00:09 INFO SparkContext: Created broadcast 1 from broadcast at DAGScheduler.scala:1161
20/07/23 22:00:09 INFO DAGScheduler: Submitting 1 missing tasks from ShuffleMapStage 1 (MapPartitionsRDD[14] at sql at <unknown>:0) (first 15 tasks are for partitions Vector(0))
20/07/23 22:00:09 INFO TaskSchedulerImpl: Adding task set 1.0 with 1 tasks
20/07/23 22:00:09 WARN TaskSetManager: Stage 1 contains a task of very large size (380 KB). The maximum recommended task size is 100 KB.
20/07/23 22:00:09 INFO TaskSetManager: Starting task 0.0 in stage 1.0 (TID 1, localhost, executor driver, partition 0, PROCESS_LOCAL, 390135 bytes)
20/07/23 22:00:09 INFO Executor: Running task 0.0 in stage 1.0 (TID 1)
20/07/23 22:00:09 INFO CodeGenerator: Code generated in 59.834 ms
20/07/23 22:00:10 INFO CodeGenerator: Code generated in 135.8361 ms
20/07/23 22:00:10 INFO MemoryStore: Block rdd_9_0 stored as values in memory (estimated size 252.0 KB, free 912.0 MB)
20/07/23 22:00:10 INFO BlockManagerInfo: Added rdd_9_0 in memory on 127.0.0.1:57499 (size: 252.0 KB, free: 912.0 MB)
20/07/23 22:00:10 INFO CodeGenerator: Code generated in 5.9842 ms
20/07/23 22:00:10 INFO CodeGenerator: Code generated in 19.1428 ms
20/07/23 22:00:10 INFO Executor: Finished task 0.0 in stage 1.0 (TID 1). 1738 bytes result sent to driver
20/07/23 22:00:10 INFO TaskSetManager: Finished task 0.0 in stage 1.0 (TID 1) in 805 ms on localhost (executor driver) (1/1)
20/07/23 22:00:10 INFO TaskSchedulerImpl: Removed TaskSet 1.0, whose tasks have all completed, from pool 
20/07/23 22:00:10 INFO DAGScheduler: ShuffleMapStage 1 (sql at <unknown>:0) finished in 0,851 s
20/07/23 22:00:10 INFO DAGScheduler: looking for newly runnable stages
20/07/23 22:00:10 INFO DAGScheduler: running: Set()
20/07/23 22:00:10 INFO DAGScheduler: waiting: Set(ResultStage 2)
20/07/23 22:00:10 INFO DAGScheduler: failed: Set()
20/07/23 22:00:10 INFO DAGScheduler: Submitting ResultStage 2 (MapPartitionsRDD[17] at sql at <unknown>:0), which has no missing parents
20/07/23 22:00:10 INFO MemoryStore: Block broadcast_2 stored as values in memory (estimated size 7.1 KB, free 912.0 MB)
20/07/23 22:00:10 INFO MemoryStore: Block broadcast_2_piece0 stored as bytes in memory (estimated size 3.8 KB, free 912.0 MB)
20/07/23 22:00:10 INFO BlockManagerInfo: Added broadcast_2_piece0 in memory on 127.0.0.1:57499 (size: 3.8 KB, free: 912.0 MB)
20/07/23 22:00:10 INFO SparkContext: Created broadcast 2 from broadcast at DAGScheduler.scala:1161
20/07/23 22:00:10 INFO DAGScheduler: Submitting 1 missing tasks from ResultStage 2 (MapPartitionsRDD[17] at sql at <unknown>:0) (first 15 tasks are for partitions Vector(0))
20/07/23 22:00:10 INFO TaskSchedulerImpl: Adding task set 2.0 with 1 tasks
20/07/23 22:00:10 INFO TaskSetManager: Starting task 0.0 in stage 2.0 (TID 2, localhost, executor driver, partition 0, ANY, 7767 bytes)
20/07/23 22:00:10 INFO Executor: Running task 0.0 in stage 2.0 (TID 2)
20/07/23 22:00:10 INFO ShuffleBlockFetcherIterator: Getting 1 non-empty blocks including 1 local blocks and 0 remote blocks
20/07/23 22:00:10 INFO ShuffleBlockFetcherIterator: Started 0 remote fetches in 12 ms
20/07/23 22:00:10 INFO Executor: Finished task 0.0 in stage 2.0 (TID 2). 1739 bytes result sent to driver
20/07/23 22:00:10 INFO TaskSetManager: Finished task 0.0 in stage 2.0 (TID 2) in 55 ms on localhost (executor driver) (1/1)
20/07/23 22:00:10 INFO TaskSchedulerImpl: Removed TaskSet 2.0, whose tasks have all completed, from pool 
20/07/23 22:00:10 INFO DAGScheduler: ResultStage 2 (sql at <unknown>:0) finished in 0,067 s
20/07/23 22:00:10 INFO DAGScheduler: Job 1 finished: sql at <unknown>:0, took 0,949789 s
20/07/23 22:00:10 INFO CodeGenerator: Code generated in 7.3177 ms
20/07/23 22:00:10 INFO SparkContext: Starting job: collect at utils.scala:353
20/07/23 22:00:10 INFO ContextCleaner: Cleaned accumulator 27
20/07/23 22:00:10 INFO ContextCleaner: Cleaned accumulator 52
20/07/23 22:00:10 INFO ContextCleaner: Cleaned accumulator 92
20/07/23 22:00:10 INFO ContextCleaner: Cleaned accumulator 76
20/07/23 22:00:10 INFO ContextCleaner: Cleaned accumulator 77
20/07/23 22:00:10 INFO ContextCleaner: Cleaned accumulator 53
20/07/23 22:00:10 INFO ContextCleaner: Cleaned accumulator 94
20/07/23 22:00:10 INFO ContextCleaner: Cleaned accumulator 83
20/07/23 22:00:10 INFO ContextCleaner: Cleaned accumulator 48
20/07/23 22:00:10 INFO ContextCleaner: Cleaned accumulator 87
20/07/23 22:00:10 INFO ContextCleaner: Cleaned accumulator 58
20/07/23 22:00:10 INFO ContextCleaner: Cleaned accumulator 60
20/07/23 22:00:10 INFO ContextCleaner: Cleaned accumulator 80
20/07/23 22:00:10 INFO ContextCleaner: Cleaned accumulator 86
20/07/23 22:00:10 INFO ContextCleaner: Cleaned accumulator 78
20/07/23 22:00:10 INFO ContextCleaner: Cleaned accumulator 50
20/07/23 22:00:10 INFO ContextCleaner: Cleaned accumulator 59
20/07/23 22:00:10 INFO ContextCleaner: Cleaned accumulator 81
20/07/23 22:00:10 INFO DAGScheduler: Registering RDD 22 (collect at utils.scala:353)
20/07/23 22:00:10 INFO ContextCleaner: Cleaned accumulator 88
20/07/23 22:00:10 INFO ContextCleaner: Cleaned accumulator 65
20/07/23 22:00:10 INFO ContextCleaner: Cleaned accumulator 84
20/07/23 22:00:10 INFO ContextCleaner: Cleaned accumulator 68
20/07/23 22:00:10 INFO ContextCleaner: Cleaned accumulator 73
20/07/23 22:00:10 INFO ContextCleaner: Cleaned accumulator 75
20/07/23 22:00:10 INFO DAGScheduler: Got job 2 (collect at utils.scala:353) with 1 output partitions
20/07/23 22:00:10 INFO ContextCleaner: Cleaned accumulator 85
20/07/23 22:00:10 INFO DAGScheduler: Final stage: ResultStage 4 (collect at utils.scala:353)
20/07/23 22:00:10 INFO ContextCleaner: Cleaned accumulator 64
20/07/23 22:00:10 INFO DAGScheduler: Parents of final stage: List(ShuffleMapStage 3)
20/07/23 22:00:10 INFO ContextCleaner: Cleaned accumulator 91
20/07/23 22:00:10 INFO ContextCleaner: Cleaned accumulator 49
20/07/23 22:00:10 INFO ContextCleaner: Cleaned accumulator 54
20/07/23 22:00:10 INFO DAGScheduler: Missing parents: List(ShuffleMapStage 3)
20/07/23 22:00:10 INFO ContextCleaner: Cleaned accumulator 72
20/07/23 22:00:10 INFO ContextCleaner: Cleaned accumulator 90
20/07/23 22:00:10 INFO ContextCleaner: Cleaned accumulator 51
20/07/23 22:00:10 INFO ContextCleaner: Cleaned accumulator 44
20/07/23 22:00:10 INFO DAGScheduler: Submitting ShuffleMapStage 3 (MapPartitionsRDD[22] at collect at utils.scala:353), which has no missing parents
20/07/23 22:00:10 INFO MemoryStore: Block broadcast_3 stored as values in memory (estimated size 31.7 KB, free 912.0 MB)
20/07/23 22:00:10 INFO MemoryStore: Block broadcast_3_piece0 stored as bytes in memory (estimated size 13.1 KB, free 912.0 MB)
20/07/23 22:00:10 INFO BlockManagerInfo: Added broadcast_3_piece0 in memory on 127.0.0.1:57499 (size: 13.1 KB, free: 912.0 MB)
20/07/23 22:00:10 INFO SparkContext: Created broadcast 3 from broadcast at DAGScheduler.scala:1161
20/07/23 22:00:10 INFO DAGScheduler: Submitting 1 missing tasks from ShuffleMapStage 3 (MapPartitionsRDD[22] at collect at utils.scala:353) (first 15 tasks are for partitions Vector(0))
20/07/23 22:00:10 INFO TaskSchedulerImpl: Adding task set 3.0 with 1 tasks
20/07/23 22:00:11 INFO BlockManagerInfo: Removed broadcast_1_piece0 on 127.0.0.1:57499 in memory (size: 13.1 KB, free: 912.0 MB)
20/07/23 22:00:11 WARN TaskSetManager: Stage 3 contains a task of very large size (380 KB). The maximum recommended task size is 100 KB.
20/07/23 22:00:11 INFO TaskSetManager: Starting task 0.0 in stage 3.0 (TID 3, localhost, executor driver, partition 0, PROCESS_LOCAL, 390135 bytes)
20/07/23 22:00:11 INFO Executor: Running task 0.0 in stage 3.0 (TID 3)
20/07/23 22:00:11 INFO ContextCleaner: Cleaned accumulator 67
20/07/23 22:00:11 INFO ContextCleaner: Cleaned accumulator 63
20/07/23 22:00:11 INFO ContextCleaner: Cleaned accumulator 79
20/07/23 22:00:11 INFO ContextCleaner: Cleaned accumulator 57
20/07/23 22:00:11 INFO ContextCleaner: Cleaned accumulator 55
20/07/23 22:00:11 INFO ContextCleaner: Cleaned accumulator 56
20/07/23 22:00:11 INFO ContextCleaner: Cleaned accumulator 74
20/07/23 22:00:11 INFO BlockManagerInfo: Removed broadcast_2_piece0 on 127.0.0.1:57499 in memory (size: 3.8 KB, free: 912.0 MB)
20/07/23 22:00:11 INFO BlockManager: Found block rdd_9_0 locally
20/07/23 22:00:11 INFO ContextCleaner: Cleaned accumulator 47
20/07/23 22:00:11 INFO ContextCleaner: Cleaned accumulator 61
20/07/23 22:00:11 INFO ContextCleaner: Cleaned accumulator 70
20/07/23 22:00:11 INFO ContextCleaner: Cleaned accumulator 82
20/07/23 22:00:11 INFO ContextCleaner: Cleaned accumulator 62
20/07/23 22:00:11 INFO ContextCleaner: Cleaned accumulator 71
20/07/23 22:00:11 INFO ContextCleaner: Cleaned accumulator 69
20/07/23 22:00:11 INFO ContextCleaner: Cleaned accumulator 45
20/07/23 22:00:11 INFO ContextCleaner: Cleaned accumulator 93
20/07/23 22:00:11 INFO ContextCleaner: Cleaned accumulator 46
20/07/23 22:00:11 INFO ContextCleaner: Cleaned accumulator 66
20/07/23 22:00:11 INFO ContextCleaner: Cleaned accumulator 89
20/07/23 22:00:11 INFO Executor: Finished task 0.0 in stage 3.0 (TID 3). 1695 bytes result sent to driver
20/07/23 22:00:11 INFO TaskSetManager: Finished task 0.0 in stage 3.0 (TID 3) in 33 ms on localhost (executor driver) (1/1)
20/07/23 22:00:11 INFO TaskSchedulerImpl: Removed TaskSet 3.0, whose tasks have all completed, from pool 
20/07/23 22:00:11 INFO DAGScheduler: ShuffleMapStage 3 (collect at utils.scala:353) finished in 0,050 s
20/07/23 22:00:11 INFO DAGScheduler: looking for newly runnable stages
20/07/23 22:00:11 INFO DAGScheduler: running: Set()
20/07/23 22:00:11 INFO DAGScheduler: waiting: Set(ResultStage 4)
20/07/23 22:00:11 INFO DAGScheduler: failed: Set()
20/07/23 22:00:11 INFO DAGScheduler: Submitting ResultStage 4 (MapPartitionsRDD[25] at collect at utils.scala:353), which has no missing parents
20/07/23 22:00:11 INFO MemoryStore: Block broadcast_4 stored as values in memory (estimated size 7.1 KB, free 912.0 MB)
20/07/23 22:00:11 INFO MemoryStore: Block broadcast_4_piece0 stored as bytes in memory (estimated size 3.8 KB, free 912.0 MB)
20/07/23 22:00:11 INFO BlockManagerInfo: Added broadcast_4_piece0 in memory on 127.0.0.1:57499 (size: 3.8 KB, free: 912.0 MB)
20/07/23 22:00:11 INFO SparkContext: Created broadcast 4 from broadcast at DAGScheduler.scala:1161
20/07/23 22:00:11 INFO DAGScheduler: Submitting 1 missing tasks from ResultStage 4 (MapPartitionsRDD[25] at collect at utils.scala:353) (first 15 tasks are for partitions Vector(0))
20/07/23 22:00:11 INFO TaskSchedulerImpl: Adding task set 4.0 with 1 tasks
20/07/23 22:00:11 INFO TaskSetManager: Starting task 0.0 in stage 4.0 (TID 4, localhost, executor driver, partition 0, ANY, 7767 bytes)
20/07/23 22:00:11 INFO Executor: Running task 0.0 in stage 4.0 (TID 4)
20/07/23 22:00:11 INFO ShuffleBlockFetcherIterator: Getting 1 non-empty blocks including 1 local blocks and 0 remote blocks
20/07/23 22:00:11 INFO ShuffleBlockFetcherIterator: Started 0 remote fetches in 1 ms
20/07/23 22:00:11 INFO Executor: Finished task 0.0 in stage 4.0 (TID 4). 1739 bytes result sent to driver
20/07/23 22:00:11 INFO TaskSetManager: Finished task 0.0 in stage 4.0 (TID 4) in 9 ms on localhost (executor driver) (1/1)
20/07/23 22:00:11 INFO DAGScheduler: ResultStage 4 (collect at utils.scala:353) finished in 0,016 s
20/07/23 22:00:11 INFO DAGScheduler: Job 2 finished: collect at utils.scala:353, took 0,074725 s
20/07/23 22:00:11 INFO TaskSchedulerImpl: Removed TaskSet 4.0, whose tasks have all completed, from pool 
20/07/23 22:00:11 INFO CodeGenerator: Code generated in 10.0161 ms
20/07/23 22:00:11 INFO CodeGenerator: Code generated in 37.105 ms
20/07/23 22:00:11 INFO CodeGenerator: Code generated in 57.6937 ms
20/07/23 22:00:12 INFO SparkContext: Starting job: collect at utils.scala:353
20/07/23 22:00:12 INFO DAGScheduler: Registering RDD 30 (collect at utils.scala:353)
20/07/23 22:00:12 INFO DAGScheduler: Got job 3 (collect at utils.scala:353) with 1 output partitions
20/07/23 22:00:12 INFO DAGScheduler: Final stage: ResultStage 6 (collect at utils.scala:353)
20/07/23 22:00:12 INFO DAGScheduler: Parents of final stage: List(ShuffleMapStage 5)
20/07/23 22:00:12 INFO DAGScheduler: Missing parents: List(ShuffleMapStage 5)
20/07/23 22:00:12 INFO DAGScheduler: Submitting ShuffleMapStage 5 (MapPartitionsRDD[30] at collect at utils.scala:353), which has no missing parents
20/07/23 22:00:12 INFO MemoryStore: Block broadcast_5 stored as values in memory (estimated size 55.0 KB, free 911.9 MB)
20/07/23 22:00:12 INFO MemoryStore: Block broadcast_5_piece0 stored as bytes in memory (estimated size 22.2 KB, free 911.9 MB)
20/07/23 22:00:12 INFO BlockManagerInfo: Added broadcast_5_piece0 in memory on 127.0.0.1:57499 (size: 22.2 KB, free: 912.0 MB)
20/07/23 22:00:12 INFO SparkContext: Created broadcast 5 from broadcast at DAGScheduler.scala:1161
20/07/23 22:00:12 INFO DAGScheduler: Submitting 1 missing tasks from ShuffleMapStage 5 (MapPartitionsRDD[30] at collect at utils.scala:353) (first 15 tasks are for partitions Vector(0))
20/07/23 22:00:12 INFO TaskSchedulerImpl: Adding task set 5.0 with 1 tasks
20/07/23 22:00:12 WARN TaskSetManager: Stage 5 contains a task of very large size (380 KB). The maximum recommended task size is 100 KB.
20/07/23 22:00:12 INFO TaskSetManager: Starting task 0.0 in stage 5.0 (TID 5, localhost, executor driver, partition 0, PROCESS_LOCAL, 390135 bytes)
20/07/23 22:00:12 INFO Executor: Running task 0.0 in stage 5.0 (TID 5)
20/07/23 22:00:12 INFO BlockManager: Found block rdd_9_0 locally
20/07/23 22:00:12 INFO CodeGenerator: Code generated in 22.4568 ms
20/07/23 22:00:12 INFO CodeGenerator: Code generated in 7.7821 ms
20/07/23 22:00:12 INFO CodeGenerator: Code generated in 10.1354 ms
20/07/23 22:00:12 INFO CodeGenerator: Code generated in 7.8233 ms
20/07/23 22:00:12 INFO CodeGenerator: Code generated in 19.6454 ms
20/07/23 22:00:12 INFO Executor: Finished task 0.0 in stage 5.0 (TID 5). 2107 bytes result sent to driver
20/07/23 22:00:12 INFO TaskSetManager: Finished task 0.0 in stage 5.0 (TID 5) in 174 ms on localhost (executor driver) (1/1)
20/07/23 22:00:12 INFO DAGScheduler: ShuffleMapStage 5 (collect at utils.scala:353) finished in 0,185 s
20/07/23 22:00:12 INFO DAGScheduler: looking for newly runnable stages
20/07/23 22:00:12 INFO DAGScheduler: running: Set()
20/07/23 22:00:12 INFO DAGScheduler: waiting: Set(ResultStage 6)
20/07/23 22:00:12 INFO DAGScheduler: failed: Set()
20/07/23 22:00:12 INFO DAGScheduler: Submitting ResultStage 6 (MapPartitionsRDD[34] at collect at utils.scala:353), which has no missing parents
20/07/23 22:00:12 INFO TaskSchedulerImpl: Removed TaskSet 5.0, whose tasks have all completed, from pool 
20/07/23 22:00:12 INFO MemoryStore: Block broadcast_6 stored as values in memory (estimated size 48.4 KB, free 911.9 MB)
20/07/23 22:00:12 INFO MemoryStore: Block broadcast_6_piece0 stored as bytes in memory (estimated size 19.9 KB, free 911.9 MB)
20/07/23 22:00:12 INFO BlockManagerInfo: Added broadcast_6_piece0 in memory on 127.0.0.1:57499 (size: 19.9 KB, free: 912.0 MB)
20/07/23 22:00:12 INFO SparkContext: Created broadcast 6 from broadcast at DAGScheduler.scala:1161
20/07/23 22:00:12 INFO DAGScheduler: Submitting 1 missing tasks from ResultStage 6 (MapPartitionsRDD[34] at collect at utils.scala:353) (first 15 tasks are for partitions Vector(0))
20/07/23 22:00:12 INFO TaskSchedulerImpl: Adding task set 6.0 with 1 tasks
20/07/23 22:00:12 INFO TaskSetManager: Starting task 0.0 in stage 6.0 (TID 6, localhost, executor driver, partition 0, ANY, 7767 bytes)
20/07/23 22:00:12 INFO Executor: Running task 0.0 in stage 6.0 (TID 6)
20/07/23 22:00:12 INFO ShuffleBlockFetcherIterator: Getting 1 non-empty blocks including 1 local blocks and 0 remote blocks
20/07/23 22:00:12 INFO ShuffleBlockFetcherIterator: Started 0 remote fetches in 0 ms
20/07/23 22:00:12 INFO Executor: Finished task 0.0 in stage 6.0 (TID 6). 2911 bytes result sent to driver
20/07/23 22:00:12 INFO TaskSetManager: Finished task 0.0 in stage 6.0 (TID 6) in 21 ms on localhost (executor driver) (1/1)
20/07/23 22:00:12 INFO TaskSchedulerImpl: Removed TaskSet 6.0, whose tasks have all completed, from pool 
20/07/23 22:00:12 INFO DAGScheduler: ResultStage 6 (collect at utils.scala:353) finished in 0,031 s
20/07/23 22:00:12 INFO DAGScheduler: Job 3 finished: collect at utils.scala:353, took 0,222635 s
20/07/23 22:00:12 INFO SparkContext: Starting job: collect at utils.scala:353
20/07/23 22:00:12 INFO DAGScheduler: Got job 4 (collect at utils.scala:353) with 2 output partitions
20/07/23 22:00:12 INFO DAGScheduler: Final stage: ResultStage 8 (collect at utils.scala:353)
20/07/23 22:00:12 INFO DAGScheduler: Parents of final stage: List(ShuffleMapStage 7)
20/07/23 22:00:12 INFO DAGScheduler: Missing parents: List()
20/07/23 22:00:12 INFO DAGScheduler: Submitting ResultStage 8 (MapPartitionsRDD[34] at collect at utils.scala:353), which has no missing parents
20/07/23 22:00:12 INFO MemoryStore: Block broadcast_7 stored as values in memory (estimated size 48.4 KB, free 911.8 MB)
20/07/23 22:00:12 INFO MemoryStore: Block broadcast_7_piece0 stored as bytes in memory (estimated size 19.9 KB, free 911.8 MB)
20/07/23 22:00:12 INFO BlockManagerInfo: Added broadcast_7_piece0 in memory on 127.0.0.1:57499 (size: 19.9 KB, free: 912.0 MB)
20/07/23 22:00:12 INFO SparkContext: Created broadcast 7 from broadcast at DAGScheduler.scala:1161
20/07/23 22:00:12 INFO DAGScheduler: Submitting 2 missing tasks from ResultStage 8 (MapPartitionsRDD[34] at collect at utils.scala:353) (first 15 tasks are for partitions Vector(1, 2))
20/07/23 22:00:12 INFO TaskSchedulerImpl: Adding task set 8.0 with 2 tasks
20/07/23 22:00:12 INFO TaskSetManager: Starting task 0.0 in stage 8.0 (TID 7, localhost, executor driver, partition 1, ANY, 7767 bytes)
20/07/23 22:00:12 INFO TaskSetManager: Starting task 1.0 in stage 8.0 (TID 8, localhost, executor driver, partition 2, ANY, 7767 bytes)
20/07/23 22:00:12 INFO Executor: Running task 0.0 in stage 8.0 (TID 7)
20/07/23 22:00:12 INFO Executor: Running task 1.0 in stage 8.0 (TID 8)
20/07/23 22:00:12 INFO ShuffleBlockFetcherIterator: Getting 1 non-empty blocks including 1 local blocks and 0 remote blocks
20/07/23 22:00:12 INFO ShuffleBlockFetcherIterator: Started 0 remote fetches in 1 ms
20/07/23 22:00:12 INFO ShuffleBlockFetcherIterator: Getting 1 non-empty blocks including 1 local blocks and 0 remote blocks
20/07/23 22:00:12 INFO ShuffleBlockFetcherIterator: Started 0 remote fetches in 1 ms
20/07/23 22:00:12 INFO Executor: Finished task 0.0 in stage 8.0 (TID 7). 2929 bytes result sent to driver
20/07/23 22:00:12 INFO TaskSetManager: Finished task 0.0 in stage 8.0 (TID 7) in 28 ms on localhost (executor driver) (1/2)
20/07/23 22:00:12 INFO Executor: Finished task 1.0 in stage 8.0 (TID 8). 2988 bytes result sent to driver
20/07/23 22:00:12 INFO TaskSetManager: Finished task 1.0 in stage 8.0 (TID 8) in 32 ms on localhost (executor driver) (2/2)
20/07/23 22:00:12 INFO DAGScheduler: ResultStage 8 (collect at utils.scala:353) finished in 0,042 s
20/07/23 22:00:12 INFO DAGScheduler: Job 4 finished: collect at utils.scala:353, took 0,044048 s
20/07/23 22:00:12 INFO TaskSchedulerImpl: Removed TaskSet 8.0, whose tasks have all completed, from pool 
20/07/23 22:00:13 INFO CodeGenerator: Code generated in 9.8031 ms
20/07/23 22:00:13 INFO CodeGenerator: Code generated in 29.6051 ms
20/07/23 22:00:13 INFO CodeGenerator: Code generated in 42.3539 ms
20/07/23 22:00:13 INFO ContextCleaner: Cleaned accumulator 202
20/07/23 22:00:13 INFO ContextCleaner: Cleaned accumulator 178
20/07/23 22:00:13 INFO ContextCleaner: Cleaned accumulator 110
20/07/23 22:00:13 INFO ContextCleaner: Cleaned accumulator 151
20/07/23 22:00:13 INFO ContextCleaner: Cleaned accumulator 207
20/07/23 22:00:13 INFO ContextCleaner: Cleaned accumulator 189
20/07/23 22:00:13 INFO ContextCleaner: Cleaned accumulator 214
20/07/23 22:00:13 INFO ContextCleaner: Cleaned accumulator 101
20/07/23 22:00:13 INFO ContextCleaner: Cleaned accumulator 163
20/07/23 22:00:13 INFO ContextCleaner: Cleaned accumulator 167
20/07/23 22:00:13 INFO ContextCleaner: Cleaned accumulator 145
20/07/23 22:00:13 INFO ContextCleaner: Cleaned accumulator 148
20/07/23 22:00:13 INFO ContextCleaner: Cleaned accumulator 120
20/07/23 22:00:13 INFO BlockManagerInfo: Removed broadcast_5_piece0 on 127.0.0.1:57499 in memory (size: 22.2 KB, free: 912.0 MB)
20/07/23 22:00:13 INFO BlockManagerInfo: Removed broadcast_3_piece0 on 127.0.0.1:57499 in memory (size: 13.1 KB, free: 912.0 MB)
20/07/23 22:00:13 INFO ContextCleaner: Cleaned accumulator 201
20/07/23 22:00:13 INFO SparkContext: Starting job: collect at utils.scala:353
20/07/23 22:00:13 INFO ContextCleaner: Cleaned accumulator 121
20/07/23 22:00:13 INFO ContextCleaner: Cleaned accumulator 105
20/07/23 22:00:13 INFO ContextCleaner: Cleaned accumulator 187
20/07/23 22:00:13 INFO ContextCleaner: Cleaned accumulator 176
20/07/23 22:00:13 INFO DAGScheduler: Registering RDD 39 (collect at utils.scala:353)
20/07/23 22:00:13 INFO DAGScheduler: Got job 5 (collect at utils.scala:353) with 1 output partitions
20/07/23 22:00:13 INFO DAGScheduler: Final stage: ResultStage 10 (collect at utils.scala:353)
20/07/23 22:00:13 INFO DAGScheduler: Parents of final stage: List(ShuffleMapStage 9)
20/07/23 22:00:13 INFO DAGScheduler: Missing parents: List(ShuffleMapStage 9)
20/07/23 22:00:13 INFO DAGScheduler: Submitting ShuffleMapStage 9 (MapPartitionsRDD[39] at collect at utils.scala:353), which has no missing parents
20/07/23 22:00:13 INFO MemoryStore: Block broadcast_8 stored as values in memory (estimated size 53.2 KB, free 911.9 MB)
20/07/23 22:00:13 INFO MemoryStore: Block broadcast_8_piece0 stored as bytes in memory (estimated size 22.2 KB, free 911.8 MB)
20/07/23 22:00:13 INFO BlockManagerInfo: Removed broadcast_4_piece0 on 127.0.0.1:57499 in memory (size: 3.8 KB, free: 912.0 MB)
20/07/23 22:00:13 INFO BlockManagerInfo: Added broadcast_8_piece0 in memory on 127.0.0.1:57499 (size: 22.2 KB, free: 912.0 MB)
20/07/23 22:00:13 INFO SparkContext: Created broadcast 8 from broadcast at DAGScheduler.scala:1161
20/07/23 22:00:13 INFO DAGScheduler: Submitting 1 missing tasks from ShuffleMapStage 9 (MapPartitionsRDD[39] at collect at utils.scala:353) (first 15 tasks are for partitions Vector(0))
20/07/23 22:00:13 INFO TaskSchedulerImpl: Adding task set 9.0 with 1 tasks
20/07/23 22:00:13 WARN TaskSetManager: Stage 9 contains a task of very large size (380 KB). The maximum recommended task size is 100 KB.
20/07/23 22:00:13 INFO TaskSetManager: Starting task 0.0 in stage 9.0 (TID 9, localhost, executor driver, partition 0, PROCESS_LOCAL, 390135 bytes)
20/07/23 22:00:13 INFO Executor: Running task 0.0 in stage 9.0 (TID 9)
20/07/23 22:00:13 INFO ContextCleaner: Cleaned accumulator 205
20/07/23 22:00:13 INFO ContextCleaner: Cleaned accumulator 152
20/07/23 22:00:13 INFO ContextCleaner: Cleaned accumulator 249
20/07/23 22:00:13 INFO ContextCleaner: Cleaned accumulator 217
20/07/23 22:00:13 INFO ContextCleaner: Cleaned accumulator 116
20/07/23 22:00:13 INFO ContextCleaner: Cleaned accumulator 224
20/07/23 22:00:13 INFO ContextCleaner: Cleaned accumulator 149
20/07/23 22:00:13 INFO ContextCleaner: Cleaned accumulator 109
20/07/23 22:00:13 INFO ContextCleaner: Cleaned accumulator 183
20/07/23 22:00:13 INFO ContextCleaner: Cleaned accumulator 104
20/07/23 22:00:13 INFO ContextCleaner: Cleaned accumulator 177
20/07/23 22:00:13 INFO ContextCleaner: Cleaned accumulator 196
20/07/23 22:00:13 INFO ContextCleaner: Cleaned accumulator 166
20/07/23 22:00:13 INFO ContextCleaner: Cleaned accumulator 199
20/07/23 22:00:13 INFO ContextCleaner: Cleaned shuffle 2
20/07/23 22:00:13 INFO ContextCleaner: Cleaned accumulator 118
20/07/23 22:00:13 INFO ContextCleaner: Cleaned accumulator 125
20/07/23 22:00:13 INFO ContextCleaner: Cleaned accumulator 218
20/07/23 22:00:13 INFO ContextCleaner: Cleaned accumulator 112
20/07/23 22:00:13 INFO ContextCleaner: Cleaned accumulator 130
20/07/23 22:00:13 INFO ContextCleaner: Cleaned accumulator 235
20/07/23 22:00:13 INFO ContextCleaner: Cleaned accumulator 138
20/07/23 22:00:13 INFO ContextCleaner: Cleaned accumulator 184
20/07/23 22:00:13 INFO ContextCleaner: Cleaned accumulator 186
20/07/23 22:00:13 INFO ContextCleaner: Cleaned accumulator 136
20/07/23 22:00:13 INFO ContextCleaner: Cleaned accumulator 210
20/07/23 22:00:13 INFO ContextCleaner: Cleaned accumulator 227
20/07/23 22:00:13 INFO ContextCleaner: Cleaned accumulator 99
20/07/23 22:00:13 INFO ContextCleaner: Cleaned accumulator 161
20/07/23 22:00:13 INFO BlockManager: Found block rdd_9_0 locally
20/07/23 22:00:13 INFO BlockManagerInfo: Removed broadcast_7_piece0 on 127.0.0.1:57499 in memory (size: 19.9 KB, free: 912.0 MB)
20/07/23 22:00:13 INFO ContextCleaner: Cleaned accumulator 141
20/07/23 22:00:13 INFO ContextCleaner: Cleaned accumulator 246
20/07/23 22:00:13 INFO ContextCleaner: Cleaned accumulator 146
20/07/23 22:00:13 INFO ContextCleaner: Cleaned accumulator 100
20/07/23 22:00:13 INFO ContextCleaner: Cleaned accumulator 219
20/07/23 22:00:13 INFO ContextCleaner: Cleaned accumulator 204
20/07/23 22:00:13 INFO ContextCleaner: Cleaned accumulator 206
20/07/23 22:00:13 INFO ContextCleaner: Cleaned accumulator 113
20/07/23 22:00:13 INFO ContextCleaner: Cleaned accumulator 159
20/07/23 22:00:13 INFO ContextCleaner: Cleaned accumulator 168
20/07/23 22:00:13 INFO ContextCleaner: Cleaned accumulator 239
20/07/23 22:00:13 INFO ContextCleaner: Cleaned accumulator 126
20/07/23 22:00:13 INFO ContextCleaner: Cleaned accumulator 191
20/07/23 22:00:13 INFO ContextCleaner: Cleaned accumulator 216
20/07/23 22:00:13 INFO ContextCleaner: Cleaned accumulator 124
20/07/23 22:00:13 INFO ContextCleaner: Cleaned accumulator 115
20/07/23 22:00:13 INFO ContextCleaner: Cleaned accumulator 144
20/07/23 22:00:13 INFO ContextCleaner: Cleaned accumulator 223
20/07/23 22:00:13 INFO ContextCleaner: Cleaned accumulator 127
20/07/23 22:00:13 INFO ContextCleaner: Cleaned accumulator 128
20/07/23 22:00:13 INFO ContextCleaner: Cleaned accumulator 175
20/07/23 22:00:13 INFO ContextCleaner: Cleaned accumulator 215
20/07/23 22:00:13 INFO ContextCleaner: Cleaned accumulator 237
20/07/23 22:00:13 INFO BlockManagerInfo: Removed broadcast_6_piece0 on 127.0.0.1:57499 in memory (size: 19.9 KB, free: 912.0 MB)
20/07/23 22:00:13 INFO CodeGenerator: Code generated in 21.985 ms
20/07/23 22:00:13 INFO ContextCleaner: Cleaned accumulator 242
20/07/23 22:00:13 INFO ContextCleaner: Cleaned accumulator 143
20/07/23 22:00:13 INFO ContextCleaner: Cleaned accumulator 155
20/07/23 22:00:13 INFO ContextCleaner: Cleaned accumulator 172
20/07/23 22:00:13 INFO ContextCleaner: Cleaned accumulator 192
20/07/23 22:00:13 INFO ContextCleaner: Cleaned accumulator 200
20/07/23 22:00:13 INFO ContextCleaner: Cleaned accumulator 174
20/07/23 22:00:13 INFO ContextCleaner: Cleaned accumulator 193
20/07/23 22:00:13 INFO ContextCleaner: Cleaned accumulator 129
20/07/23 22:00:13 INFO ContextCleaner: Cleaned accumulator 117
20/07/23 22:00:13 INFO ContextCleaner: Cleaned accumulator 180
20/07/23 22:00:13 INFO ContextCleaner: Cleaned accumulator 236
20/07/23 22:00:13 INFO ContextCleaner: Cleaned accumulator 228
20/07/23 22:00:13 INFO ContextCleaner: Cleaned accumulator 190
20/07/23 22:00:13 INFO ContextCleaner: Cleaned accumulator 220
20/07/23 22:00:13 INFO ContextCleaner: Cleaned accumulator 230
20/07/23 22:00:13 INFO ContextCleaner: Cleaned accumulator 137
20/07/23 22:00:13 INFO ContextCleaner: Cleaned accumulator 108
20/07/23 22:00:13 INFO ContextCleaner: Cleaned accumulator 169
20/07/23 22:00:13 INFO ContextCleaner: Cleaned accumulator 96
20/07/23 22:00:13 INFO ContextCleaner: Cleaned accumulator 213
20/07/23 22:00:13 INFO ContextCleaner: Cleaned accumulator 238
20/07/23 22:00:13 INFO ContextCleaner: Cleaned accumulator 134
20/07/23 22:00:13 INFO ContextCleaner: Cleaned accumulator 122
20/07/23 22:00:13 INFO ContextCleaner: Cleaned accumulator 164
20/07/23 22:00:13 INFO ContextCleaner: Cleaned accumulator 135
20/07/23 22:00:13 INFO ContextCleaner: Cleaned accumulator 107
20/07/23 22:00:13 INFO ContextCleaner: Cleaned accumulator 194
20/07/23 22:00:13 INFO ContextCleaner: Cleaned accumulator 114
20/07/23 22:00:13 INFO ContextCleaner: Cleaned accumulator 221
20/07/23 22:00:13 INFO ContextCleaner: Cleaned accumulator 198
20/07/23 22:00:13 INFO ContextCleaner: Cleaned accumulator 240
20/07/23 22:00:13 INFO ContextCleaner: Cleaned accumulator 102
20/07/23 22:00:13 INFO ContextCleaner: Cleaned accumulator 103
20/07/23 22:00:13 INFO ContextCleaner: Cleaned accumulator 208
20/07/23 22:00:13 INFO ContextCleaner: Cleaned accumulator 212
20/07/23 22:00:13 INFO ContextCleaner: Cleaned accumulator 153
20/07/23 22:00:13 INFO ContextCleaner: Cleaned accumulator 170
20/07/23 22:00:13 INFO ContextCleaner: Cleaned accumulator 98
20/07/23 22:00:13 INFO ContextCleaner: Cleaned accumulator 209
20/07/23 22:00:13 INFO ContextCleaner: Cleaned accumulator 182
20/07/23 22:00:13 INFO ContextCleaner: Cleaned accumulator 188
20/07/23 22:00:13 INFO ContextCleaner: Cleaned accumulator 160
20/07/23 22:00:13 INFO ContextCleaner: Cleaned accumulator 226
20/07/23 22:00:13 INFO ContextCleaner: Cleaned accumulator 147
20/07/23 22:00:13 INFO ContextCleaner: Cleaned accumulator 132
20/07/23 22:00:13 INFO ContextCleaner: Cleaned accumulator 244
20/07/23 22:00:13 INFO ContextCleaner: Cleaned accumulator 245
20/07/23 22:00:13 INFO ContextCleaner: Cleaned accumulator 150
20/07/23 22:00:13 INFO ContextCleaner: Cleaned accumulator 231
20/07/23 22:00:13 INFO ContextCleaner: Cleaned accumulator 162
20/07/23 22:00:13 INFO ContextCleaner: Cleaned accumulator 241
20/07/23 22:00:13 INFO ContextCleaner: Cleaned shuffle 1
20/07/23 22:00:13 INFO ContextCleaner: Cleaned accumulator 142
20/07/23 22:00:13 INFO ContextCleaner: Cleaned accumulator 250
20/07/23 22:00:13 INFO ContextCleaner: Cleaned accumulator 234
20/07/23 22:00:13 INFO ContextCleaner: Cleaned accumulator 232
20/07/23 22:00:13 INFO ContextCleaner: Cleaned accumulator 197
20/07/23 22:00:13 INFO ContextCleaner: Cleaned accumulator 233
20/07/23 22:00:13 INFO ContextCleaner: Cleaned accumulator 123
20/07/23 22:00:13 INFO ContextCleaner: Cleaned accumulator 156
20/07/23 22:00:13 INFO ContextCleaner: Cleaned accumulator 251
20/07/23 22:00:13 INFO ContextCleaner: Cleaned accumulator 106
20/07/23 22:00:13 INFO ContextCleaner: Cleaned accumulator 171
20/07/23 22:00:13 INFO ContextCleaner: Cleaned accumulator 140
20/07/23 22:00:13 INFO ContextCleaner: Cleaned accumulator 179
20/07/23 22:00:13 INFO ContextCleaner: Cleaned accumulator 97
20/07/23 22:00:13 INFO ContextCleaner: Cleaned accumulator 173
20/07/23 22:00:13 INFO ContextCleaner: Cleaned accumulator 211
20/07/23 22:00:13 INFO ContextCleaner: Cleaned accumulator 157
20/07/23 22:00:13 INFO ContextCleaner: Cleaned accumulator 243
20/07/23 22:00:13 INFO ContextCleaner: Cleaned accumulator 195
20/07/23 22:00:13 INFO ContextCleaner: Cleaned accumulator 203
20/07/23 22:00:13 INFO ContextCleaner: Cleaned accumulator 165
20/07/23 22:00:13 INFO ContextCleaner: Cleaned accumulator 119
20/07/23 22:00:13 INFO ContextCleaner: Cleaned accumulator 222
20/07/23 22:00:13 INFO ContextCleaner: Cleaned accumulator 133
20/07/23 22:00:13 INFO ContextCleaner: Cleaned accumulator 158
20/07/23 22:00:13 INFO ContextCleaner: Cleaned accumulator 131
20/07/23 22:00:13 INFO ContextCleaner: Cleaned accumulator 95
20/07/23 22:00:13 INFO ContextCleaner: Cleaned accumulator 154
20/07/23 22:00:13 INFO ContextCleaner: Cleaned accumulator 185
20/07/23 22:00:13 INFO ContextCleaner: Cleaned accumulator 248
20/07/23 22:00:13 INFO ContextCleaner: Cleaned accumulator 181
20/07/23 22:00:13 INFO ContextCleaner: Cleaned accumulator 229
20/07/23 22:00:13 INFO ContextCleaner: Cleaned accumulator 111
20/07/23 22:00:13 INFO ContextCleaner: Cleaned accumulator 247
20/07/23 22:00:13 INFO ContextCleaner: Cleaned accumulator 225
20/07/23 22:00:13 INFO ContextCleaner: Cleaned accumulator 139
20/07/23 22:00:13 INFO CodeGenerator: Code generated in 7.3124 ms
20/07/23 22:00:13 INFO CodeGenerator: Code generated in 6.6387 ms
20/07/23 22:00:13 INFO CodeGenerator: Code generated in 6.3356 ms
20/07/23 22:00:13 INFO CodeGenerator: Code generated in 12.8439 ms
20/07/23 22:00:13 INFO Executor: Finished task 0.0 in stage 9.0 (TID 9). 2107 bytes result sent to driver
20/07/23 22:00:13 INFO TaskSetManager: Finished task 0.0 in stage 9.0 (TID 9) in 136 ms on localhost (executor driver) (1/1)
20/07/23 22:00:13 INFO DAGScheduler: ShuffleMapStage 9 (collect at utils.scala:353) finished in 0,147 s
20/07/23 22:00:13 INFO DAGScheduler: looking for newly runnable stages
20/07/23 22:00:13 INFO DAGScheduler: running: Set()
20/07/23 22:00:13 INFO DAGScheduler: waiting: Set(ResultStage 10)
20/07/23 22:00:13 INFO DAGScheduler: failed: Set()
20/07/23 22:00:13 INFO DAGScheduler: Submitting ResultStage 10 (MapPartitionsRDD[43] at collect at utils.scala:353), which has no missing parents
20/07/23 22:00:13 INFO TaskSchedulerImpl: Removed TaskSet 9.0, whose tasks have all completed, from pool 
20/07/23 22:00:13 INFO MemoryStore: Block broadcast_9 stored as values in memory (estimated size 47.3 KB, free 911.9 MB)
20/07/23 22:00:13 INFO MemoryStore: Block broadcast_9_piece0 stored as bytes in memory (estimated size 19.9 KB, free 911.9 MB)
20/07/23 22:00:13 INFO BlockManagerInfo: Added broadcast_9_piece0 in memory on 127.0.0.1:57499 (size: 19.9 KB, free: 912.0 MB)
20/07/23 22:00:13 INFO SparkContext: Created broadcast 9 from broadcast at DAGScheduler.scala:1161
20/07/23 22:00:13 INFO DAGScheduler: Submitting 1 missing tasks from ResultStage 10 (MapPartitionsRDD[43] at collect at utils.scala:353) (first 15 tasks are for partitions Vector(0))
20/07/23 22:00:13 INFO TaskSchedulerImpl: Adding task set 10.0 with 1 tasks
20/07/23 22:00:13 INFO TaskSetManager: Starting task 0.0 in stage 10.0 (TID 10, localhost, executor driver, partition 0, ANY, 7767 bytes)
20/07/23 22:00:13 INFO Executor: Running task 0.0 in stage 10.0 (TID 10)
20/07/23 22:00:13 INFO ShuffleBlockFetcherIterator: Getting 1 non-empty blocks including 1 local blocks and 0 remote blocks
20/07/23 22:00:13 INFO ShuffleBlockFetcherIterator: Started 0 remote fetches in 0 ms
20/07/23 22:00:13 INFO Executor: Finished task 0.0 in stage 10.0 (TID 10). 2965 bytes result sent to driver
20/07/23 22:00:13 INFO TaskSetManager: Finished task 0.0 in stage 10.0 (TID 10) in 17 ms on localhost (executor driver) (1/1)
20/07/23 22:00:13 INFO DAGScheduler: ResultStage 10 (collect at utils.scala:353) finished in 0,027 s
20/07/23 22:00:13 INFO DAGScheduler: Job 5 finished: collect at utils.scala:353, took 0,180241 s
20/07/23 22:00:13 INFO TaskSchedulerImpl: Removed TaskSet 10.0, whose tasks have all completed, from pool 
20/07/23 22:00:13 INFO SparkContext: Starting job: collect at utils.scala:353
20/07/23 22:00:13 INFO DAGScheduler: Got job 6 (collect at utils.scala:353) with 1 output partitions
20/07/23 22:00:13 INFO DAGScheduler: Final stage: ResultStage 12 (collect at utils.scala:353)
20/07/23 22:00:13 INFO DAGScheduler: Parents of final stage: List(ShuffleMapStage 11)
20/07/23 22:00:13 INFO DAGScheduler: Missing parents: List()
20/07/23 22:00:13 INFO DAGScheduler: Submitting ResultStage 12 (MapPartitionsRDD[43] at collect at utils.scala:353), which has no missing parents
20/07/23 22:00:13 INFO MemoryStore: Block broadcast_10 stored as values in memory (estimated size 47.3 KB, free 911.9 MB)
20/07/23 22:00:13 INFO MemoryStore: Block broadcast_10_piece0 stored as bytes in memory (estimated size 19.9 KB, free 911.8 MB)
20/07/23 22:00:13 INFO BlockManagerInfo: Added broadcast_10_piece0 in memory on 127.0.0.1:57499 (size: 19.9 KB, free: 912.0 MB)
20/07/23 22:00:13 INFO SparkContext: Created broadcast 10 from broadcast at DAGScheduler.scala:1161
20/07/23 22:00:13 INFO DAGScheduler: Submitting 1 missing tasks from ResultStage 12 (MapPartitionsRDD[43] at collect at utils.scala:353) (first 15 tasks are for partitions Vector(1))
20/07/23 22:00:13 INFO TaskSchedulerImpl: Adding task set 12.0 with 1 tasks
20/07/23 22:00:13 INFO TaskSetManager: Starting task 0.0 in stage 12.0 (TID 11, localhost, executor driver, partition 1, ANY, 7767 bytes)
20/07/23 22:00:13 INFO Executor: Running task 0.0 in stage 12.0 (TID 11)
20/07/23 22:00:13 INFO ShuffleBlockFetcherIterator: Getting 1 non-empty blocks including 1 local blocks and 0 remote blocks
20/07/23 22:00:13 INFO ShuffleBlockFetcherIterator: Started 0 remote fetches in 0 ms
20/07/23 22:00:13 INFO Executor: Finished task 0.0 in stage 12.0 (TID 11). 2975 bytes result sent to driver
20/07/23 22:00:13 INFO TaskSetManager: Finished task 0.0 in stage 12.0 (TID 11) in 15 ms on localhost (executor driver) (1/1)
20/07/23 22:00:13 INFO DAGScheduler: ResultStage 12 (collect at utils.scala:353) finished in 0,023 s
20/07/23 22:00:13 INFO DAGScheduler: Job 6 finished: collect at utils.scala:353, took 0,025832 s
20/07/23 22:00:13 INFO TaskSchedulerImpl: Removed TaskSet 12.0, whose tasks have all completed, from pool 
20/07/23 22:00:14 INFO CodeGenerator: Code generated in 36.8406 ms
20/07/23 22:00:14 INFO SparkContext: Starting job: collect at utils.scala:353
20/07/23 22:00:14 INFO DAGScheduler: Registering RDD 48 (collect at utils.scala:353)
20/07/23 22:00:14 INFO DAGScheduler: Got job 7 (collect at utils.scala:353) with 1 output partitions
20/07/23 22:00:14 INFO DAGScheduler: Final stage: ResultStage 14 (collect at utils.scala:353)
20/07/23 22:00:14 INFO DAGScheduler: Parents of final stage: List(ShuffleMapStage 13)
20/07/23 22:00:14 INFO DAGScheduler: Missing parents: List(ShuffleMapStage 13)
20/07/23 22:00:14 INFO DAGScheduler: Submitting ShuffleMapStage 13 (MapPartitionsRDD[48] at collect at utils.scala:353), which has no missing parents
20/07/23 22:00:14 INFO MemoryStore: Block broadcast_11 stored as values in memory (estimated size 56.1 KB, free 911.8 MB)
20/07/23 22:00:14 INFO MemoryStore: Block broadcast_11_piece0 stored as bytes in memory (estimated size 22.6 KB, free 911.8 MB)
20/07/23 22:00:14 INFO BlockManagerInfo: Added broadcast_11_piece0 in memory on 127.0.0.1:57499 (size: 22.6 KB, free: 912.0 MB)
20/07/23 22:00:14 INFO SparkContext: Created broadcast 11 from broadcast at DAGScheduler.scala:1161
20/07/23 22:00:14 INFO DAGScheduler: Submitting 1 missing tasks from ShuffleMapStage 13 (MapPartitionsRDD[48] at collect at utils.scala:353) (first 15 tasks are for partitions Vector(0))
20/07/23 22:00:14 INFO TaskSchedulerImpl: Adding task set 13.0 with 1 tasks
20/07/23 22:00:14 WARN TaskSetManager: Stage 13 contains a task of very large size (380 KB). The maximum recommended task size is 100 KB.
20/07/23 22:00:14 INFO TaskSetManager: Starting task 0.0 in stage 13.0 (TID 12, localhost, executor driver, partition 0, PROCESS_LOCAL, 390135 bytes)
20/07/23 22:00:14 INFO Executor: Running task 0.0 in stage 13.0 (TID 12)
20/07/23 22:00:14 INFO BlockManager: Found block rdd_9_0 locally
20/07/23 22:00:14 INFO CodeGenerator: Code generated in 15.6407 ms
20/07/23 22:00:14 INFO Executor: Finished task 0.0 in stage 13.0 (TID 12). 2107 bytes result sent to driver
20/07/23 22:00:14 INFO TaskSetManager: Finished task 0.0 in stage 13.0 (TID 12) in 71 ms on localhost (executor driver) (1/1)
20/07/23 22:00:14 INFO DAGScheduler: ShuffleMapStage 13 (collect at utils.scala:353) finished in 0,078 s
20/07/23 22:00:14 INFO DAGScheduler: looking for newly runnable stages
20/07/23 22:00:14 INFO DAGScheduler: running: Set()
20/07/23 22:00:14 INFO DAGScheduler: waiting: Set(ResultStage 14)
20/07/23 22:00:14 INFO DAGScheduler: failed: Set()
20/07/23 22:00:14 INFO DAGScheduler: Submitting ResultStage 14 (MapPartitionsRDD[52] at collect at utils.scala:353), which has no missing parents
20/07/23 22:00:14 INFO MemoryStore: Block broadcast_12 stored as values in memory (estimated size 48.5 KB, free 911.7 MB)
20/07/23 22:00:14 INFO TaskSchedulerImpl: Removed TaskSet 13.0, whose tasks have all completed, from pool 
20/07/23 22:00:14 INFO MemoryStore: Block broadcast_12_piece0 stored as bytes in memory (estimated size 19.9 KB, free 911.7 MB)
20/07/23 22:00:14 INFO BlockManagerInfo: Added broadcast_12_piece0 in memory on 127.0.0.1:57499 (size: 19.9 KB, free: 912.0 MB)
20/07/23 22:00:14 INFO SparkContext: Created broadcast 12 from broadcast at DAGScheduler.scala:1161
20/07/23 22:00:14 INFO DAGScheduler: Submitting 1 missing tasks from ResultStage 14 (MapPartitionsRDD[52] at collect at utils.scala:353) (first 15 tasks are for partitions Vector(0))
20/07/23 22:00:14 INFO TaskSchedulerImpl: Adding task set 14.0 with 1 tasks
20/07/23 22:00:14 INFO TaskSetManager: Starting task 0.0 in stage 14.0 (TID 13, localhost, executor driver, partition 0, ANY, 7767 bytes)
20/07/23 22:00:14 INFO Executor: Running task 0.0 in stage 14.0 (TID 13)
20/07/23 22:00:14 INFO ShuffleBlockFetcherIterator: Getting 1 non-empty blocks including 1 local blocks and 0 remote blocks
20/07/23 22:00:14 INFO ShuffleBlockFetcherIterator: Started 0 remote fetches in 0 ms
20/07/23 22:00:14 INFO Executor: Finished task 0.0 in stage 14.0 (TID 13). 2988 bytes result sent to driver
20/07/23 22:00:14 INFO TaskSetManager: Finished task 0.0 in stage 14.0 (TID 13) in 13 ms on localhost (executor driver) (1/1)
20/07/23 22:00:14 INFO TaskSchedulerImpl: Removed TaskSet 14.0, whose tasks have all completed, from pool 
20/07/23 22:00:14 INFO DAGScheduler: ResultStage 14 (collect at utils.scala:353) finished in 0,021 s
20/07/23 22:00:14 INFO DAGScheduler: Job 7 finished: collect at utils.scala:353, took 0,105979 s
20/07/23 22:00:14 INFO SparkContext: Starting job: collect at utils.scala:353
20/07/23 22:00:14 INFO DAGScheduler: Got job 8 (collect at utils.scala:353) with 1 output partitions
20/07/23 22:00:14 INFO DAGScheduler: Final stage: ResultStage 16 (collect at utils.scala:353)
20/07/23 22:00:14 INFO DAGScheduler: Parents of final stage: List(ShuffleMapStage 15)
20/07/23 22:00:14 INFO DAGScheduler: Missing parents: List()
20/07/23 22:00:14 INFO DAGScheduler: Submitting ResultStage 16 (MapPartitionsRDD[52] at collect at utils.scala:353), which has no missing parents
20/07/23 22:00:14 INFO MemoryStore: Block broadcast_13 stored as values in memory (estimated size 48.5 KB, free 911.7 MB)
20/07/23 22:00:14 INFO MemoryStore: Block broadcast_13_piece0 stored as bytes in memory (estimated size 19.9 KB, free 911.6 MB)
20/07/23 22:00:14 INFO BlockManagerInfo: Added broadcast_13_piece0 in memory on 127.0.0.1:57499 (size: 19.9 KB, free: 911.9 MB)
20/07/23 22:00:14 INFO SparkContext: Created broadcast 13 from broadcast at DAGScheduler.scala:1161
20/07/23 22:00:14 INFO DAGScheduler: Submitting 1 missing tasks from ResultStage 16 (MapPartitionsRDD[52] at collect at utils.scala:353) (first 15 tasks are for partitions Vector(1))
20/07/23 22:00:14 INFO TaskSchedulerImpl: Adding task set 16.0 with 1 tasks
20/07/23 22:00:14 INFO TaskSetManager: Starting task 0.0 in stage 16.0 (TID 14, localhost, executor driver, partition 1, ANY, 7767 bytes)
20/07/23 22:00:14 INFO Executor: Running task 0.0 in stage 16.0 (TID 14)
20/07/23 22:00:14 INFO ShuffleBlockFetcherIterator: Getting 1 non-empty blocks including 1 local blocks and 0 remote blocks
20/07/23 22:00:14 INFO ShuffleBlockFetcherIterator: Started 0 remote fetches in 0 ms
20/07/23 22:00:14 INFO Executor: Finished task 0.0 in stage 16.0 (TID 14). 2882 bytes result sent to driver
20/07/23 22:00:14 INFO TaskSetManager: Finished task 0.0 in stage 16.0 (TID 14) in 14 ms on localhost (executor driver) (1/1)
20/07/23 22:00:14 INFO DAGScheduler: ResultStage 16 (collect at utils.scala:353) finished in 0,022 s
20/07/23 22:00:14 INFO DAGScheduler: Job 8 finished: collect at utils.scala:353, took 0,024415 s
20/07/23 22:00:14 INFO TaskSchedulerImpl: Removed TaskSet 16.0, whose tasks have all completed, from pool 
20/07/23 22:00:15 INFO CodeGenerator: Code generated in 11.9025 ms
20/07/23 22:00:15 INFO SparkContext: Starting job: collect at utils.scala:353
20/07/23 22:00:15 INFO DAGScheduler: Got job 9 (collect at utils.scala:353) with 1 output partitions
20/07/23 22:00:15 INFO DAGScheduler: Final stage: ResultStage 17 (collect at utils.scala:353)
20/07/23 22:00:15 INFO DAGScheduler: Parents of final stage: List()
20/07/23 22:00:15 INFO DAGScheduler: Missing parents: List()
20/07/23 22:00:15 INFO DAGScheduler: Submitting ResultStage 17 (MapPartitionsRDD[56] at collect at utils.scala:353), which has no missing parents
20/07/23 22:00:15 INFO MemoryStore: Block broadcast_14 stored as values in memory (estimated size 27.6 KB, free 911.6 MB)
20/07/23 22:00:15 INFO MemoryStore: Block broadcast_14_piece0 stored as bytes in memory (estimated size 11.2 KB, free 911.6 MB)
20/07/23 22:00:15 INFO BlockManagerInfo: Added broadcast_14_piece0 in memory on 127.0.0.1:57499 (size: 11.2 KB, free: 911.9 MB)
20/07/23 22:00:15 INFO SparkContext: Created broadcast 14 from broadcast at DAGScheduler.scala:1161
20/07/23 22:00:15 INFO DAGScheduler: Submitting 1 missing tasks from ResultStage 17 (MapPartitionsRDD[56] at collect at utils.scala:353) (first 15 tasks are for partitions Vector(0))
20/07/23 22:00:15 INFO TaskSchedulerImpl: Adding task set 17.0 with 1 tasks
20/07/23 22:00:15 WARN TaskSetManager: Stage 17 contains a task of very large size (381 KB). The maximum recommended task size is 100 KB.
20/07/23 22:00:15 INFO TaskSetManager: Starting task 0.0 in stage 17.0 (TID 15, localhost, executor driver, partition 0, PROCESS_LOCAL, 390146 bytes)
20/07/23 22:00:15 INFO Executor: Running task 0.0 in stage 17.0 (TID 15)
20/07/23 22:00:15 INFO BlockManager: Found block rdd_9_0 locally
20/07/23 22:00:15 INFO CodeGenerator: Code generated in 13.4642 ms
20/07/23 22:00:15 INFO Executor: Finished task 0.0 in stage 17.0 (TID 15). 158913 bytes result sent to driver
20/07/23 22:00:15 INFO TaskSetManager: Finished task 0.0 in stage 17.0 (TID 15) in 43 ms on localhost (executor driver) (1/1)
20/07/23 22:00:15 INFO TaskSchedulerImpl: Removed TaskSet 17.0, whose tasks have all completed, from pool 
20/07/23 22:00:15 INFO DAGScheduler: ResultStage 17 (collect at utils.scala:353) finished in 0,049 s
20/07/23 22:00:15 INFO DAGScheduler: Job 9 finished: collect at utils.scala:353, took 0,052952 s
20/07/23 22:00:16 INFO SparkContext: Invoking stop() from shutdown hook
20/07/23 22:00:16 INFO SparkUI: Stopped Spark web UI at http://127.0.0.1:4041
20/07/23 22:00:16 INFO MapOutputTrackerMasterEndpoint: MapOutputTrackerMasterEndpoint stopped!
20/07/23 22:00:16 INFO MemoryStore: MemoryStore cleared
20/07/23 22:00:16 INFO BlockManager: BlockManager stopped
20/07/23 22:00:16 INFO BlockManagerMaster: BlockManagerMaster stopped
20/07/23 22:00:16 INFO OutputCommitCoordinator$OutputCommitCoordinatorEndpoint: OutputCommitCoordinator stopped!
20/07/23 22:00:16 WARN SparkEnv: Exception while deleting Spark temp dir: C:\Users\ALVARO\AppData\Local\spark\spark-2.4.3-bin-hadoop2.7\tmp\local\spark-8ff8149e-c389-4000-b119-7d2f963a2d01\userFiles-09932acf-35b6-4a9c-8f4d-e246f03b1ff6
java.io.IOException: Failed to delete: C:\Users\ALVARO\AppData\Local\spark\spark-2.4.3-bin-hadoop2.7\tmp\local\spark-8ff8149e-c389-4000-b119-7d2f963a2d01\userFiles-09932acf-35b6-4a9c-8f4d-e246f03b1ff6\sparklyr-2.4-2.11.jar
	at org.apache.spark.network.util.JavaUtils.deleteRecursivelyUsingJavaIO(JavaUtils.java:144)
	at org.apache.spark.network.util.JavaUtils.deleteRecursively(JavaUtils.java:118)
	at org.apache.spark.network.util.JavaUtils.deleteRecursivelyUsingJavaIO(JavaUtils.java:128)
	at org.apache.spark.network.util.JavaUtils.deleteRecursively(JavaUtils.java:118)
	at org.apache.spark.network.util.JavaUtils.deleteRecursively(JavaUtils.java:91)
	at org.apache.spark.util.Utils$.deleteRecursively(Utils.scala:1062)
	at org.apache.spark.SparkEnv.stop(SparkEnv.scala:103)
	at org.apache.spark.SparkContext$$anonfun$stop$11.apply$mcV$sp(SparkContext.scala:1974)
	at org.apache.spark.util.Utils$.tryLogNonFatalError(Utils.scala:1340)
	at org.apache.spark.SparkContext.stop(SparkContext.scala:1973)
	at org.apache.spark.SparkContext$$anonfun$2.apply$mcV$sp(SparkContext.scala:575)
	at org.apache.spark.util.SparkShutdownHook.run(ShutdownHookManager.scala:216)
	at org.apache.spark.util.SparkShutdownHookManager$$anonfun$runAll$1$$anonfun$apply$mcV$sp$1.apply$mcV$sp(ShutdownHookManager.scala:188)
	at org.apache.spark.util.SparkShutdownHookManager$$anonfun$runAll$1$$anonfun$apply$mcV$sp$1.apply(ShutdownHookManager.scala:188)
	at org.apache.spark.util.SparkShutdownHookManager$$anonfun$runAll$1$$anonfun$apply$mcV$sp$1.apply(ShutdownHookManager.scala:188)
	at org.apache.spark.util.Utils$.logUncaughtExceptions(Utils.scala:1945)
	at org.apache.spark.util.SparkShutdownHookManager$$anonfun$runAll$1.apply$mcV$sp(ShutdownHookManager.scala:188)
	at org.apache.spark.util.SparkShutdownHookManager$$anonfun$runAll$1.apply(ShutdownHookManager.scala:188)
	at org.apache.spark.util.SparkShutdownHookManager$$anonfun$runAll$1.apply(ShutdownHookManager.scala:188)
	at scala.util.Try$.apply(Try.scala:192)
	at org.apache.spark.util.SparkShutdownHookManager.runAll(ShutdownHookManager.scala:188)
	at org.apache.spark.util.SparkShutdownHookManager$$anon$2.run(ShutdownHookManager.scala:178)
	at org.apache.hadoop.util.ShutdownHookManager$1.run(ShutdownHookManager.java:54)
20/07/23 22:00:16 INFO SparkContext: Successfully stopped SparkContext
20/07/23 22:00:16 INFO ShutdownHookManager: Shutdown hook called
20/07/23 22:00:16 INFO ShutdownHookManager: Deleting directory C:\Users\ALVARO\AppData\Local\spark\spark-2.4.3-bin-hadoop2.7\tmp\local\spark-8ff8149e-c389-4000-b119-7d2f963a2d01
20/07/23 22:00:16 ERROR ShutdownHookManager: Exception while deleting Spark temp dir: C:\Users\ALVARO\AppData\Local\spark\spark-2.4.3-bin-hadoop2.7\tmp\local\spark-8ff8149e-c389-4000-b119-7d2f963a2d01
java.io.IOException: Failed to delete: C:\Users\ALVARO\AppData\Local\spark\spark-2.4.3-bin-hadoop2.7\tmp\local\spark-8ff8149e-c389-4000-b119-7d2f963a2d01\userFiles-09932acf-35b6-4a9c-8f4d-e246f03b1ff6\sparklyr-2.4-2.11.jar
	at org.apache.spark.network.util.JavaUtils.deleteRecursivelyUsingJavaIO(JavaUtils.java:144)
	at org.apache.spark.network.util.JavaUtils.deleteRecursively(JavaUtils.java:118)
	at org.apache.spark.network.util.JavaUtils.deleteRecursivelyUsingJavaIO(JavaUtils.java:128)
	at org.apache.spark.network.util.JavaUtils.deleteRecursively(JavaUtils.java:118)
	at org.apache.spark.network.util.JavaUtils.deleteRecursivelyUsingJavaIO(JavaUtils.java:128)
	at org.apache.spark.network.util.JavaUtils.deleteRecursively(JavaUtils.java:118)
	at org.apache.spark.network.util.JavaUtils.deleteRecursively(JavaUtils.java:91)
	at org.apache.spark.util.Utils$.deleteRecursively(Utils.scala:1062)
	at org.apache.spark.util.ShutdownHookManager$$anonfun$1$$anonfun$apply$mcV$sp$3.apply(ShutdownHookManager.scala:65)
	at org.apache.spark.util.ShutdownHookManager$$anonfun$1$$anonfun$apply$mcV$sp$3.apply(ShutdownHookManager.scala:62)
	at scala.collection.IndexedSeqOptimized$class.foreach(IndexedSeqOptimized.scala:33)
	at scala.collection.mutable.ArrayOps$ofRef.foreach(ArrayOps.scala:186)
	at org.apache.spark.util.ShutdownHookManager$$anonfun$1.apply$mcV$sp(ShutdownHookManager.scala:62)
	at org.apache.spark.util.SparkShutdownHook.run(ShutdownHookManager.scala:216)
	at org.apache.spark.util.SparkShutdownHookManager$$anonfun$runAll$1$$anonfun$apply$mcV$sp$1.apply$mcV$sp(ShutdownHookManager.scala:188)
	at org.apache.spark.util.SparkShutdownHookManager$$anonfun$runAll$1$$anonfun$apply$mcV$sp$1.apply(ShutdownHookManager.scala:188)
	at org.apache.spark.util.SparkShutdownHookManager$$anonfun$runAll$1$$anonfun$apply$mcV$sp$1.apply(ShutdownHookManager.scala:188)
	at org.apache.spark.util.Utils$.logUncaughtExceptions(Utils.scala:1945)
	at org.apache.spark.util.SparkShutdownHookManager$$anonfun$runAll$1.apply$mcV$sp(ShutdownHookManager.scala:188)
	at org.apache.spark.util.SparkShutdownHookManager$$anonfun$runAll$1.apply(ShutdownHookManager.scala:188)
	at org.apache.spark.util.SparkShutdownHookManager$$anonfun$runAll$1.apply(ShutdownHookManager.scala:188)
	at scala.util.Try$.apply(Try.scala:192)
	at org.apache.spark.util.SparkShutdownHookManager.runAll(ShutdownHookManager.scala:188)
	at org.apache.spark.util.SparkShutdownHookManager$$anon$2.run(ShutdownHookManager.scala:178)
	at org.apache.hadoop.util.ShutdownHookManager$1.run(ShutdownHookManager.java:54)
20/07/23 22:00:16 INFO ShutdownHookManager: Deleting directory C:\Users\ALVARO\AppData\Local\Temp\spark-9ad7c003-6e67-4ac5-83f9-3453d413c624
20/07/23 22:00:16 INFO ShutdownHookManager: Deleting directory C:\Users\ALVARO\AppData\Local\spark\spark-2.4.3-bin-hadoop2.7\tmp\local\spark-8ff8149e-c389-4000-b119-7d2f963a2d01\userFiles-09932acf-35b6-4a9c-8f4d-e246f03b1ff6
20/07/23 22:00:16 ERROR ShutdownHookManager: Exception while deleting Spark temp dir: C:\Users\ALVARO\AppData\Local\spark\spark-2.4.3-bin-hadoop2.7\tmp\local\spark-8ff8149e-c389-4000-b119-7d2f963a2d01\userFiles-09932acf-35b6-4a9c-8f4d-e246f03b1ff6
java.io.IOException: Failed to delete: C:\Users\ALVARO\AppData\Local\spark\spark-2.4.3-bin-hadoop2.7\tmp\local\spark-8ff8149e-c389-4000-b119-7d2f963a2d01\userFiles-09932acf-35b6-4a9c-8f4d-e246f03b1ff6\sparklyr-2.4-2.11.jar
	at org.apache.spark.network.util.JavaUtils.deleteRecursivelyUsingJavaIO(JavaUtils.java:144)
	at org.apache.spark.network.util.JavaUtils.deleteRecursively(JavaUtils.java:118)
	at org.apache.spark.network.util.JavaUtils.deleteRecursivelyUsingJavaIO(JavaUtils.java:128)
	at org.apache.spark.network.util.JavaUtils.deleteRecursively(JavaUtils.java:118)
	at org.apache.spark.network.util.JavaUtils.deleteRecursively(JavaUtils.java:91)
	at org.apache.spark.util.Utils$.deleteRecursively(Utils.scala:1062)
	at org.apache.spark.util.ShutdownHookManager$$anonfun$1$$anonfun$apply$mcV$sp$3.apply(ShutdownHookManager.scala:65)
	at org.apache.spark.util.ShutdownHookManager$$anonfun$1$$anonfun$apply$mcV$sp$3.apply(ShutdownHookManager.scala:62)
	at scala.collection.IndexedSeqOptimized$class.foreach(IndexedSeqOptimized.scala:33)
	at scala.collection.mutable.ArrayOps$ofRef.foreach(ArrayOps.scala:186)
	at org.apache.spark.util.ShutdownHookManager$$anonfun$1.apply$mcV$sp(ShutdownHookManager.scala:62)
	at org.apache.spark.util.SparkShutdownHook.run(ShutdownHookManager.scala:216)
	at org.apache.spark.util.SparkShutdownHookManager$$anonfun$runAll$1$$anonfun$apply$mcV$sp$1.apply$mcV$sp(ShutdownHookManager.scala:188)
	at org.apache.spark.util.SparkShutdownHookManager$$anonfun$runAll$1$$anonfun$apply$mcV$sp$1.apply(ShutdownHookManager.scala:188)
	at org.apache.spark.util.SparkShutdownHookManager$$anonfun$runAll$1$$anonfun$apply$mcV$sp$1.apply(ShutdownHookManager.scala:188)
	at org.apache.spark.util.Utils$.logUncaughtExceptions(Utils.scala:1945)
	at org.apache.spark.util.SparkShutdownHookManager$$anonfun$runAll$1.apply$mcV$sp(ShutdownHookManager.scala:188)
	at org.apache.spark.util.SparkShutdownHookManager$$anonfun$runAll$1.apply(ShutdownHookManager.scala:188)
	at org.apache.spark.util.SparkShutdownHookManager$$anonfun$runAll$1.apply(ShutdownHookManager.scala:188)
	at scala.util.Try$.apply(Try.scala:192)
	at org.apache.spark.util.SparkShutdownHookManager.runAll(ShutdownHookManager.scala:188)
	at org.apache.spark.util.SparkShutdownHookManager$$anon$2.run(ShutdownHookManager.scala:178)
	at org.apache.hadoop.util.ShutdownHookManager$1.run(ShutdownHookManager.java:54)
